{"numFailedTestSuites":4,"numFailedTests":39,"numPassedTestSuites":6,"numPassedTests":168,"numPendingTestSuites":0,"numPendingTests":0,"numRuntimeErrorTestSuites":0,"numTodoTests":0,"numTotalTestSuites":10,"numTotalTests":207,"openHandles":[],"snapshot":{"added":0,"didUpdate":false,"failure":false,"filesAdded":0,"filesRemoved":0,"filesRemovedList":[],"filesUnmatched":0,"filesUpdated":0,"matched":0,"total":0,"unchecked":0,"uncheckedKeysByFile":[],"unmatched":0,"updated":0},"startTime":1776750029573,"success":false,"testResults":[{"assertionResults":[{"ancestorTitles":["🔗 Integration Tests - Complete Customer Workflows","🛒 Complete Purchase Workflow"],"duration":755,"failing":false,"failureDetails":[{"errors":{"validUntil":{"properties":{"message":"Path `validUntil` is required.","type":"required","path":"validUntil"},"kind":"required","path":"validUntil"},"description":{"properties":{"message":"Path `description` is required.","type":"required","path":"description"},"kind":"required","path":"description"}},"_message":"Coupon validation failed"}],"failureMessages":["ValidationError: Coupon validation failed: validUntil: Path `validUntil` is required., description: Path `description` is required.\n    at model.Document.invalidate (E:\\aqherbal_backend-dev\\aqherbal_backend-dev\\node_modules\\mongoose\\lib\\document.js:3354:32)\n    at E:\\aqherbal_backend-dev\\aqherbal_backend-dev\\node_modules\\mongoose\\lib\\document.js:3115:17\n    at E:\\aqherbal_backend-dev\\aqherbal_backend-dev\\node_modules\\mongoose\\lib\\schemaType.js:1410:9\n    at processTicksAndRejections (node:internal/process/task_queues:85:11)"],"fullName":"🔗 Integration Tests - Complete Customer Workflows 🛒 Complete Purchase Workflow ✓ Should complete full purchase: Browse → Add to Cart → Apply Coupon → Order → Pay","invocations":1,"location":null,"numPassingAsserts":6,"retryReasons":[],"startAt":1776750032752,"status":"failed","title":"✓ Should complete full purchase: Browse → Add to Cart → Apply Coupon → Order → Pay"},{"ancestorTitles":["🔗 Integration Tests - Complete Customer Workflows","📦 Cart to Order Conversion"],"duration":353,"failing":false,"failureDetails":[],"failureMessages":[],"fullName":"🔗 Integration Tests - Complete Customer Workflows 📦 Cart to Order Conversion ✓ Should clear cart after order creation","invocations":1,"location":null,"numPassingAsserts":2,"retryReasons":[],"startAt":1776750033510,"status":"passed","title":"✓ Should clear cart after order creation"},{"ancestorTitles":["🔗 Integration Tests - Complete Customer Workflows","📦 Cart to Order Conversion"],"duration":352,"failing":false,"failureDetails":[],"failureMessages":[],"fullName":"🔗 Integration Tests - Complete Customer Workflows 📦 Cart to Order Conversion ✓ Should update inventory after order","invocations":1,"location":null,"numPassingAsserts":1,"retryReasons":[],"startAt":1776750033864,"status":"passed","title":"✓ Should update inventory after order"},{"ancestorTitles":["🔗 Integration Tests - Complete Customer Workflows","👤 Multiple Orders Management"],"duration":583,"failing":false,"failureDetails":[],"failureMessages":[],"fullName":"🔗 Integration Tests - Complete Customer Workflows 👤 Multiple Orders Management ✓ Should allow user to place multiple orders","invocations":1,"location":null,"numPassingAsserts":2,"retryReasons":[],"startAt":1776750034217,"status":"passed","title":"✓ Should allow user to place multiple orders"},{"ancestorTitles":["🔗 Integration Tests - Complete Customer Workflows","⭐ Post-Purchase Review Flow"],"duration":464,"failing":false,"failureDetails":[],"failureMessages":[],"fullName":"🔗 Integration Tests - Complete Customer Workflows ⭐ Post-Purchase Review Flow ✓ Should allow review of purchased product","invocations":1,"location":null,"numPassingAsserts":3,"retryReasons":[],"startAt":1776750034802,"status":"passed","title":"✓ Should allow review of purchased product"},{"ancestorTitles":["🔗 Integration Tests - Complete Customer Workflows","⭐ Post-Purchase Review Flow"],"duration":174,"failing":false,"failureDetails":[{"matcherResult":{"actual":500,"expected":403,"message":"expect(received).toBe(expected) // Object.is equality\n\nExpected: 403\nReceived: 500","name":"toBe","pass":false}}],"failureMessages":["Error: expect(received).toBe(expected) // Object.is equality\n\nExpected: 403\nReceived: 500\n    at Object.<anonymous> (E:\\aqherbal_backend-dev\\aqherbal_backend-dev\\tests\\integration.test.js:357:32)\n    at processTicksAndRejections (node:internal/process/task_queues:104:5)"],"fullName":"🔗 Integration Tests - Complete Customer Workflows ⭐ Post-Purchase Review Flow ✗ Should prevent review without completed order","invocations":1,"location":null,"numPassingAsserts":0,"retryReasons":[],"startAt":1776750035266,"status":"failed","title":"✗ Should prevent review without completed order"},{"ancestorTitles":["🔗 Integration Tests - Complete Customer Workflows","❌ Order Cancellation Flow"],"duration":420,"failing":false,"failureDetails":[],"failureMessages":[],"fullName":"🔗 Integration Tests - Complete Customer Workflows ❌ Order Cancellation Flow ✓ Should allow cancellation of pending order","invocations":1,"location":null,"numPassingAsserts":3,"retryReasons":[],"startAt":1776750035441,"status":"passed","title":"✓ Should allow cancellation of pending order"},{"ancestorTitles":["🔗 Integration Tests - Complete Customer Workflows","⚡ Concurrent Request Handling"],"duration":555,"failing":false,"failureDetails":[{"matcherResult":{"actual":1,"expected":5,"message":"expect(received).toBe(expected) // Object.is equality\n\nExpected: 5\nReceived: 1","name":"toBe","pass":false}}],"failureMessages":["Error: expect(received).toBe(expected) // Object.is equality\n\nExpected: 5\nReceived: 1\n    at Object.<anonymous> (E:\\aqherbal_backend-dev\\aqherbal_backend-dev\\tests\\integration.test.js:433:51)\n    at processTicksAndRejections (node:internal/process/task_queues:104:5)"],"fullName":"🔗 Integration Tests - Complete Customer Workflows ⚡ Concurrent Request Handling ✓ Should handle concurrent cart operations","invocations":1,"location":null,"numPassingAsserts":5,"retryReasons":[],"startAt":1776750035862,"status":"failed","title":"✓ Should handle concurrent cart operations"},{"ancestorTitles":["🔗 Integration Tests - Complete Customer Workflows","⚡ Concurrent Request Handling"],"duration":480,"failing":false,"failureDetails":[],"failureMessages":[],"fullName":"🔗 Integration Tests - Complete Customer Workflows ⚡ Concurrent Request Handling ✓ Should prevent overselling on concurrent orders","invocations":1,"location":null,"numPassingAsserts":4,"retryReasons":[],"startAt":1776750036417,"status":"passed","title":"✓ Should prevent overselling on concurrent orders"},{"ancestorTitles":["🔗 Integration Tests - Complete Customer Workflows","📊 Data Consistency Across Modules"],"duration":481,"failing":false,"failureDetails":[],"failureMessages":[],"fullName":"🔗 Integration Tests - Complete Customer Workflows 📊 Data Consistency Across Modules ✓ Should maintain data consistency: Cart → Order → Payment → Inventory","invocations":1,"location":null,"numPassingAsserts":5,"retryReasons":[],"startAt":1776750036898,"status":"passed","title":"✓ Should maintain data consistency: Cart → Order → Payment → Inventory"}],"endTime":1776750037505,"message":"  ● 🔗 Integration Tests - Complete Customer Workflows › 🛒 Complete Purchase Workflow › ✓ Should complete full purchase: Browse → Add to Cart → Apply Coupon → Order → Pay\n\n    ValidationError: Coupon validation failed: validUntil: Path `validUntil` is required., description: Path `description` is required.\n\n      at model.Document.invalidate (node_modules/mongoose/lib/document.js:3354:32)\n      at node_modules/mongoose/lib/document.js:3115:17\n      at node_modules/mongoose/lib/schemaType.js:1410:9\n\n  ● 🔗 Integration Tests - Complete Customer Workflows › ⭐ Post-Purchase Review Flow › ✗ Should prevent review without completed order\n\n    expect(received).toBe(expected) // Object.is equality\n\n    Expected: 403\n    Received: 500\n\n    \u001b[0m \u001b[90m 355 |\u001b[39m         })\u001b[33m;\u001b[39m\n     \u001b[90m 356 |\u001b[39m\n    \u001b[31m\u001b[1m>\u001b[22m\u001b[39m\u001b[90m 357 |\u001b[39m       expect(reviewRes\u001b[33m.\u001b[39mstatus)\u001b[33m.\u001b[39mtoBe(\u001b[35m403\u001b[39m)\u001b[33m;\u001b[39m\n     \u001b[90m     |\u001b[39m                                \u001b[31m\u001b[1m^\u001b[22m\u001b[39m\n     \u001b[90m 358 |\u001b[39m     })\u001b[33m;\u001b[39m\n     \u001b[90m 359 |\u001b[39m   })\u001b[33m;\u001b[39m\n     \u001b[90m 360 |\u001b[39m\u001b[0m\n\n      at Object.<anonymous> (tests/integration.test.js:357:32)\n\n  ● 🔗 Integration Tests - Complete Customer Workflows › ⚡ Concurrent Request Handling › ✓ Should handle concurrent cart operations\n\n    expect(received).toBe(expected) // Object.is equality\n\n    Expected: 5\n    Received: 1\n\n    \u001b[0m \u001b[90m 431 |\u001b[39m         \u001b[33m.\u001b[39m\u001b[36mset\u001b[39m(\u001b[32m'Authorization'\u001b[39m\u001b[33m,\u001b[39m \u001b[32m`Bearer ${userToken}`\u001b[39m)\u001b[33m;\u001b[39m\n     \u001b[90m 432 |\u001b[39m\n    \u001b[31m\u001b[1m>\u001b[22m\u001b[39m\u001b[90m 433 |\u001b[39m       expect(cartRes\u001b[33m.\u001b[39mbody\u001b[33m.\u001b[39mdata\u001b[33m.\u001b[39mitems[\u001b[35m0\u001b[39m]\u001b[33m.\u001b[39mquantity)\u001b[33m.\u001b[39mtoBe(\u001b[35m5\u001b[39m)\u001b[33m;\u001b[39m\n     \u001b[90m     |\u001b[39m                                                   \u001b[31m\u001b[1m^\u001b[22m\u001b[39m\n     \u001b[90m 434 |\u001b[39m     })\u001b[33m;\u001b[39m\n     \u001b[90m 435 |\u001b[39m\n     \u001b[90m 436 |\u001b[39m     it(\u001b[32m'✓ Should prevent overselling on concurrent orders'\u001b[39m\u001b[33m,\u001b[39m \u001b[36masync\u001b[39m () \u001b[33m=>\u001b[39m {\u001b[0m\n\n      at Object.<anonymous> (tests/integration.test.js:433:51)\n","name":"E:\\aqherbal_backend-dev\\aqherbal_backend-dev\\tests\\integration.test.js","startTime":1776750029670,"status":"failed","summary":""},{"assertionResults":[{"ancestorTitles":["👨‍💼 Admin Dashboard & Management","GET /api/v1/admin/dashboard"],"duration":985,"failing":false,"failureDetails":[],"failureMessages":[],"fullName":"👨‍💼 Admin Dashboard & Management GET /api/v1/admin/dashboard ✓ Should return dashboard stats","invocations":1,"location":null,"numPassingAsserts":5,"retryReasons":[],"startAt":1776750040307,"status":"passed","title":"✓ Should return dashboard stats"},{"ancestorTitles":["👨‍💼 Admin Dashboard & Management","GET /api/v1/admin/dashboard"],"duration":344,"failing":false,"failureDetails":[{}],"failureMessages":["Error: expect(received).toHaveProperty(path)\n\nMatcher error: received value must not be null nor undefined\n\nReceived has value: undefined\n    at Object.<anonymous> (E:\\aqherbal_backend-dev\\aqherbal_backend-dev\\tests\\admin.test.js:117:35)\n    at processTicksAndRejections (node:internal/process/task_queues:104:5)"],"fullName":"👨‍💼 Admin Dashboard & Management GET /api/v1/admin/dashboard ✓ Should have sales breakdown","invocations":1,"location":null,"numPassingAsserts":1,"retryReasons":[],"startAt":1776750041294,"status":"failed","title":"✓ Should have sales breakdown"},{"ancestorTitles":["👨‍💼 Admin Dashboard & Management","GET /api/v1/admin/dashboard"],"duration":326,"failing":false,"failureDetails":[{"matcherResult":{"message":"expect(received).toHaveProperty(path)\n\nExpected path: \"pendingProducts\"\nReceived path: []\n\nReceived value: {\"lowStockProducts\": 1, \"pendingOrders\": 1, \"totalOrders\": 2, \"totalProducts\": 2, \"totalRevenue\": 100, \"totalUsers\": 3}","pass":false}}],"failureMessages":["Error: expect(received).toHaveProperty(path)\n\nExpected path: \"pendingProducts\"\nReceived path: []\n\nReceived value: {\"lowStockProducts\": 1, \"pendingOrders\": 1, \"totalOrders\": 2, \"totalProducts\": 2, \"totalRevenue\": 100, \"totalUsers\": 3}\n    at Object.<anonymous> (E:\\aqherbal_backend-dev\\aqherbal_backend-dev\\tests\\admin.test.js:127:29)\n    at processTicksAndRejections (node:internal/process/task_queues:104:5)"],"fullName":"👨‍💼 Admin Dashboard & Management GET /api/v1/admin/dashboard ✓ Should count pending products","invocations":1,"location":null,"numPassingAsserts":1,"retryReasons":[],"startAt":1776750041640,"status":"failed","title":"✓ Should count pending products"},{"ancestorTitles":["👨‍💼 Admin Dashboard & Management","GET /api/v1/admin/dashboard"],"duration":280,"failing":false,"failureDetails":[],"failureMessages":[],"fullName":"👨‍💼 Admin Dashboard & Management GET /api/v1/admin/dashboard ✗ Should not allow regular users to access","invocations":1,"location":null,"numPassingAsserts":1,"retryReasons":[],"startAt":1776750041966,"status":"passed","title":"✗ Should not allow regular users to access"},{"ancestorTitles":["👨‍💼 Admin Dashboard & Management","GET /api/v1/admin/dashboard"],"duration":240,"failing":false,"failureDetails":[],"failureMessages":[],"fullName":"👨‍💼 Admin Dashboard & Management GET /api/v1/admin/dashboard ✗ Should require authentication","invocations":1,"location":null,"numPassingAsserts":1,"retryReasons":[],"startAt":1776750042247,"status":"passed","title":"✗ Should require authentication"},{"ancestorTitles":["👨‍💼 Admin Dashboard & Management","GET /api/v1/admin/users"],"duration":192,"failing":false,"failureDetails":[],"failureMessages":[],"fullName":"👨‍💼 Admin Dashboard & Management GET /api/v1/admin/users ✓ Should list users","invocations":1,"location":null,"numPassingAsserts":3,"retryReasons":[],"startAt":1776750042487,"status":"passed","title":"✓ Should list users"},{"ancestorTitles":["👨‍💼 Admin Dashboard & Management","GET /api/v1/admin/users"],"duration":205,"failing":false,"failureDetails":[],"failureMessages":[],"fullName":"👨‍💼 Admin Dashboard & Management GET /api/v1/admin/users ✓ Should have pagination","invocations":1,"location":null,"numPassingAsserts":2,"retryReasons":[],"startAt":1776750042680,"status":"passed","title":"✓ Should have pagination"},{"ancestorTitles":["👨‍💼 Admin Dashboard & Management","GET /api/v1/admin/users"],"duration":225,"failing":false,"failureDetails":[],"failureMessages":[],"fullName":"👨‍💼 Admin Dashboard & Management GET /api/v1/admin/users ✓ Should search users by email","invocations":1,"location":null,"numPassingAsserts":2,"retryReasons":[],"startAt":1776750042886,"status":"passed","title":"✓ Should search users by email"},{"ancestorTitles":["👨‍💼 Admin Dashboard & Management","GET /api/v1/admin/users"],"duration":217,"failing":false,"failureDetails":[],"failureMessages":[],"fullName":"👨‍💼 Admin Dashboard & Management GET /api/v1/admin/users ✓ Should filter by role","invocations":1,"location":null,"numPassingAsserts":2,"retryReasons":[],"startAt":1776750043112,"status":"passed","title":"✓ Should filter by role"},{"ancestorTitles":["👨‍💼 Admin Dashboard & Management","GET /api/v1/admin/users/:id"],"duration":216,"failing":false,"failureDetails":[{"matcherResult":{"message":"expect(received).toHaveProperty(path)\n\nExpected path: \"orders\"\nReceived path: []\n\nReceived value: {\"__v\": 0, \"_id\": \"69e70ddb3338cee840d5ef13\", \"addresses\": [], \"createdAt\": \"2026-04-21T05:40:43.366Z\", \"email\": \"details@test.com\", \"isActive\": true, \"isDeleted\": false, \"isEmailVerified\": false, \"name\": \"Details\", \"refreshTokens\": [], \"role\": \"user\", \"updatedAt\": \"2026-04-21T05:40:43.366Z\"}","pass":false}}],"failureMessages":["Error: expect(received).toHaveProperty(path)\n\nExpected path: \"orders\"\nReceived path: []\n\nReceived value: {\"__v\": 0, \"_id\": \"69e70ddb3338cee840d5ef13\", \"addresses\": [], \"createdAt\": \"2026-04-21T05:40:43.366Z\", \"email\": \"details@test.com\", \"isActive\": true, \"isDeleted\": false, \"isEmailVerified\": false, \"name\": \"Details\", \"refreshTokens\": [], \"role\": \"user\", \"updatedAt\": \"2026-04-21T05:40:43.366Z\"}\n    at Object.<anonymous> (E:\\aqherbal_backend-dev\\aqherbal_backend-dev\\tests\\admin.test.js:236:29)\n    at processTicksAndRejections (node:internal/process/task_queues:104:5)"],"fullName":"👨‍💼 Admin Dashboard & Management GET /api/v1/admin/users/:id ✓ Should get user details with order history","invocations":1,"location":null,"numPassingAsserts":2,"retryReasons":[],"startAt":1776750043330,"status":"failed","title":"✓ Should get user details with order history"},{"ancestorTitles":["👨‍💼 Admin Dashboard & Management","GET /api/v1/admin/products/pending"],"duration":201,"failing":false,"failureDetails":[],"failureMessages":[],"fullName":"👨‍💼 Admin Dashboard & Management GET /api/v1/admin/products/pending ✓ Should list pending products","invocations":1,"location":null,"numPassingAsserts":3,"retryReasons":[],"startAt":1776750043547,"status":"passed","title":"✓ Should list pending products"},{"ancestorTitles":["👨‍💼 Admin Dashboard & Management","PUT /api/v1/admin/products/:id/approve"],"duration":226,"failing":false,"failureDetails":[{"matcherResult":{"expected":true,"message":"expect(received).toBe(expected) // Object.is equality\n\nExpected: true\nReceived: undefined","name":"toBe","pass":false}}],"failureMessages":["Error: expect(received).toBe(expected) // Object.is equality\n\nExpected: true\nReceived: undefined\n    at Object.<anonymous> (E:\\aqherbal_backend-dev\\aqherbal_backend-dev\\tests\\admin.test.js:302:40)\n    at processTicksAndRejections (node:internal/process/task_queues:104:5)"],"fullName":"👨‍💼 Admin Dashboard & Management PUT /api/v1/admin/products/:id/approve ✓ Should approve product","invocations":1,"location":null,"numPassingAsserts":1,"retryReasons":[],"startAt":1776750043748,"status":"failed","title":"✓ Should approve product"},{"ancestorTitles":["👨‍💼 Admin Dashboard & Management","PUT /api/v1/admin/products/:id/approve"],"duration":174,"failing":false,"failureDetails":[{"matcherResult":{"expected":false,"message":"expect(received).toBe(expected) // Object.is equality\n\nExpected: false\nReceived: undefined","name":"toBe","pass":false}}],"failureMessages":["Error: expect(received).toBe(expected) // Object.is equality\n\nExpected: false\nReceived: undefined\n    at Object.<anonymous> (E:\\aqherbal_backend-dev\\aqherbal_backend-dev\\tests\\admin.test.js:315:40)\n    at processTicksAndRejections (node:internal/process/task_queues:104:5)"],"fullName":"👨‍💼 Admin Dashboard & Management PUT /api/v1/admin/products/:id/approve ✓ Should reject product with reason","invocations":1,"location":null,"numPassingAsserts":1,"retryReasons":[],"startAt":1776750043974,"status":"failed","title":"✓ Should reject product with reason"},{"ancestorTitles":["👨‍💼 Admin Dashboard & Management","PUT /api/v1/admin/products/:id/approve"],"duration":191,"failing":false,"failureDetails":[],"failureMessages":[],"fullName":"👨‍💼 Admin Dashboard & Management PUT /api/v1/admin/products/:id/approve ✗ Should not allow regular users","invocations":1,"location":null,"numPassingAsserts":1,"retryReasons":[],"startAt":1776750044149,"status":"passed","title":"✗ Should not allow regular users"},{"ancestorTitles":["👨‍💼 Admin Dashboard & Management","GET /api/v1/admin/orders"],"duration":246,"failing":false,"failureDetails":[],"failureMessages":[],"fullName":"👨‍💼 Admin Dashboard & Management GET /api/v1/admin/orders ✓ Should list all orders","invocations":1,"location":null,"numPassingAsserts":2,"retryReasons":[],"startAt":1776750044341,"status":"passed","title":"✓ Should list all orders"},{"ancestorTitles":["👨‍💼 Admin Dashboard & Management","GET /api/v1/admin/orders"],"duration":249,"failing":false,"failureDetails":[],"failureMessages":[],"fullName":"👨‍💼 Admin Dashboard & Management GET /api/v1/admin/orders ✓ Should filter by status","invocations":1,"location":null,"numPassingAsserts":2,"retryReasons":[],"startAt":1776750044587,"status":"passed","title":"✓ Should filter by status"},{"ancestorTitles":["👨‍💼 Admin Dashboard & Management","GET /api/v1/admin/analytics"],"duration":220,"failing":false,"failureDetails":[{"matcherResult":{"message":"expect(received).toHaveProperty(path)\n\nExpected path: \"salesByMonth\"\nReceived path: []\n\nReceived value: {\"lowStockProducts\": 0, \"pendingOrders\": 0, \"totalOrders\": 0, \"totalProducts\": 0, \"totalRevenue\": 0, \"totalUsers\": 1}","pass":false}}],"failureMessages":["Error: expect(received).toHaveProperty(path)\n\nExpected path: \"salesByMonth\"\nReceived path: []\n\nReceived value: {\"lowStockProducts\": 0, \"pendingOrders\": 0, \"totalOrders\": 0, \"totalProducts\": 0, \"totalRevenue\": 0, \"totalUsers\": 1}\n    at Object.<anonymous> (E:\\aqherbal_backend-dev\\aqherbal_backend-dev\\tests\\admin.test.js:395:29)\n    at processTicksAndRejections (node:internal/process/task_queues:104:5)"],"fullName":"👨‍💼 Admin Dashboard & Management GET /api/v1/admin/analytics ✓ Should return sales analytics","invocations":1,"location":null,"numPassingAsserts":1,"retryReasons":[],"startAt":1776750044837,"status":"failed","title":"✓ Should return sales analytics"},{"ancestorTitles":["👨‍💼 Admin Dashboard & Management","GET /api/v1/admin/analytics"],"duration":221,"failing":false,"failureDetails":[],"failureMessages":[],"fullName":"👨‍💼 Admin Dashboard & Management GET /api/v1/admin/analytics ✓ Should accept date range filter","invocations":1,"location":null,"numPassingAsserts":1,"retryReasons":[],"startAt":1776750045058,"status":"passed","title":"✓ Should accept date range filter"},{"ancestorTitles":["👨‍💼 Admin Dashboard & Management","GET /api/v1/admin/logs"],"duration":151,"failing":false,"failureDetails":[],"failureMessages":[],"fullName":"👨‍💼 Admin Dashboard & Management GET /api/v1/admin/logs ✓ Should return admin action logs","invocations":1,"location":null,"numPassingAsserts":2,"retryReasons":[],"startAt":1776750045280,"status":"passed","title":"✓ Should return admin action logs"},{"ancestorTitles":["👨‍💼 Admin Dashboard & Management","GET /api/v1/admin/logs"],"duration":153,"failing":false,"failureDetails":[],"failureMessages":[],"fullName":"👨‍💼 Admin Dashboard & Management GET /api/v1/admin/logs ✓ Should filter by action type","invocations":1,"location":null,"numPassingAsserts":1,"retryReasons":[],"startAt":1776750045432,"status":"passed","title":"✓ Should filter by action type"}],"endTime":1776750045802,"message":"  ● 👨‍💼 Admin Dashboard & Management › GET /api/v1/admin/dashboard › ✓ Should have sales breakdown\n\n    expect(received).toHaveProperty(path)\n\n    Matcher error: received value must not be null nor undefined\n\n    Received has value: undefined\n\n    \u001b[0m \u001b[90m 115 |\u001b[39m\n     \u001b[90m 116 |\u001b[39m       expect(res\u001b[33m.\u001b[39mstatus)\u001b[33m.\u001b[39mtoBe(\u001b[35m200\u001b[39m)\u001b[33m;\u001b[39m\n    \u001b[31m\u001b[1m>\u001b[22m\u001b[39m\u001b[90m 117 |\u001b[39m       expect(res\u001b[33m.\u001b[39mbody\u001b[33m.\u001b[39mdata\u001b[33m.\u001b[39msales)\u001b[33m.\u001b[39mtoHaveProperty(\u001b[32m'total'\u001b[39m)\u001b[33m;\u001b[39m\n     \u001b[90m     |\u001b[39m                                   \u001b[31m\u001b[1m^\u001b[22m\u001b[39m\n     \u001b[90m 118 |\u001b[39m       expect(res\u001b[33m.\u001b[39mbody\u001b[33m.\u001b[39mdata\u001b[33m.\u001b[39msales)\u001b[33m.\u001b[39mtoHaveProperty(\u001b[32m'thisMonth'\u001b[39m)\u001b[33m;\u001b[39m\n     \u001b[90m 119 |\u001b[39m     })\u001b[33m;\u001b[39m\n     \u001b[90m 120 |\u001b[39m\u001b[0m\n\n      at Object.<anonymous> (tests/admin.test.js:117:35)\n\n  ● 👨‍💼 Admin Dashboard & Management › GET /api/v1/admin/dashboard › ✓ Should count pending products\n\n    expect(received).toHaveProperty(path)\n\n    Expected path: \"pendingProducts\"\n    Received path: []\n\n    Received value: {\"lowStockProducts\": 1, \"pendingOrders\": 1, \"totalOrders\": 2, \"totalProducts\": 2, \"totalRevenue\": 100, \"totalUsers\": 3}\n\n    \u001b[0m \u001b[90m 125 |\u001b[39m\n     \u001b[90m 126 |\u001b[39m       expect(res\u001b[33m.\u001b[39mstatus)\u001b[33m.\u001b[39mtoBe(\u001b[35m200\u001b[39m)\u001b[33m;\u001b[39m\n    \u001b[31m\u001b[1m>\u001b[22m\u001b[39m\u001b[90m 127 |\u001b[39m       expect(res\u001b[33m.\u001b[39mbody\u001b[33m.\u001b[39mdata)\u001b[33m.\u001b[39mtoHaveProperty(\u001b[32m'pendingProducts'\u001b[39m)\u001b[33m;\u001b[39m\n     \u001b[90m     |\u001b[39m                             \u001b[31m\u001b[1m^\u001b[22m\u001b[39m\n     \u001b[90m 128 |\u001b[39m       expect(res\u001b[33m.\u001b[39mbody\u001b[33m.\u001b[39mdata\u001b[33m.\u001b[39mpendingProducts)\u001b[33m.\u001b[39mtoBe(\u001b[35m1\u001b[39m)\u001b[33m;\u001b[39m\n     \u001b[90m 129 |\u001b[39m     })\u001b[33m;\u001b[39m\n     \u001b[90m 130 |\u001b[39m\u001b[0m\n\n      at Object.<anonymous> (tests/admin.test.js:127:29)\n\n  ● 👨‍💼 Admin Dashboard & Management › GET /api/v1/admin/users/:id › ✓ Should get user details with order history\n\n    expect(received).toHaveProperty(path)\n\n    Expected path: \"orders\"\n    Received path: []\n\n    Received value: {\"__v\": 0, \"_id\": \"69e70ddb3338cee840d5ef13\", \"addresses\": [], \"createdAt\": \"2026-04-21T05:40:43.366Z\", \"email\": \"details@test.com\", \"isActive\": true, \"isDeleted\": false, \"isEmailVerified\": false, \"name\": \"Details\", \"refreshTokens\": [], \"role\": \"user\", \"updatedAt\": \"2026-04-21T05:40:43.366Z\"}\n\n    \u001b[0m \u001b[90m 234 |\u001b[39m       expect(res\u001b[33m.\u001b[39mstatus)\u001b[33m.\u001b[39mtoBe(\u001b[35m200\u001b[39m)\u001b[33m;\u001b[39m\n     \u001b[90m 235 |\u001b[39m       expect(res\u001b[33m.\u001b[39mbody\u001b[33m.\u001b[39mdata\u001b[33m.\u001b[39memail)\u001b[33m.\u001b[39mtoBe(\u001b[32m'details@test.com'\u001b[39m)\u001b[33m;\u001b[39m\n    \u001b[31m\u001b[1m>\u001b[22m\u001b[39m\u001b[90m 236 |\u001b[39m       expect(res\u001b[33m.\u001b[39mbody\u001b[33m.\u001b[39mdata)\u001b[33m.\u001b[39mtoHaveProperty(\u001b[32m'orders'\u001b[39m)\u001b[33m;\u001b[39m\n     \u001b[90m     |\u001b[39m                             \u001b[31m\u001b[1m^\u001b[22m\u001b[39m\n     \u001b[90m 237 |\u001b[39m     })\u001b[33m;\u001b[39m\n     \u001b[90m 238 |\u001b[39m   })\u001b[33m;\u001b[39m\n     \u001b[90m 239 |\u001b[39m\u001b[0m\n\n      at Object.<anonymous> (tests/admin.test.js:236:29)\n\n  ● 👨‍💼 Admin Dashboard & Management › PUT /api/v1/admin/products/:id/approve › ✓ Should approve product\n\n    expect(received).toBe(expected) // Object.is equality\n\n    Expected: true\n    Received: undefined\n\n    \u001b[0m \u001b[90m 300 |\u001b[39m\n     \u001b[90m 301 |\u001b[39m       expect(res\u001b[33m.\u001b[39mstatus)\u001b[33m.\u001b[39mtoBe(\u001b[35m200\u001b[39m)\u001b[33m;\u001b[39m\n    \u001b[31m\u001b[1m>\u001b[22m\u001b[39m\u001b[90m 302 |\u001b[39m       expect(res\u001b[33m.\u001b[39mbody\u001b[33m.\u001b[39mdata\u001b[33m.\u001b[39misApproved)\u001b[33m.\u001b[39mtoBe(\u001b[36mtrue\u001b[39m)\u001b[33m;\u001b[39m\n     \u001b[90m     |\u001b[39m                                        \u001b[31m\u001b[1m^\u001b[22m\u001b[39m\n     \u001b[90m 303 |\u001b[39m     })\u001b[33m;\u001b[39m\n     \u001b[90m 304 |\u001b[39m\n     \u001b[90m 305 |\u001b[39m     it(\u001b[32m'✓ Should reject product with reason'\u001b[39m\u001b[33m,\u001b[39m \u001b[36masync\u001b[39m () \u001b[33m=>\u001b[39m {\u001b[0m\n\n      at Object.<anonymous> (tests/admin.test.js:302:40)\n\n  ● 👨‍💼 Admin Dashboard & Management › PUT /api/v1/admin/products/:id/approve › ✓ Should reject product with reason\n\n    expect(received).toBe(expected) // Object.is equality\n\n    Expected: false\n    Received: undefined\n\n    \u001b[0m \u001b[90m 313 |\u001b[39m\n     \u001b[90m 314 |\u001b[39m       expect(res\u001b[33m.\u001b[39mstatus)\u001b[33m.\u001b[39mtoBe(\u001b[35m200\u001b[39m)\u001b[33m;\u001b[39m\n    \u001b[31m\u001b[1m>\u001b[22m\u001b[39m\u001b[90m 315 |\u001b[39m       expect(res\u001b[33m.\u001b[39mbody\u001b[33m.\u001b[39mdata\u001b[33m.\u001b[39misApproved)\u001b[33m.\u001b[39mtoBe(\u001b[36mfalse\u001b[39m)\u001b[33m;\u001b[39m\n     \u001b[90m     |\u001b[39m                                        \u001b[31m\u001b[1m^\u001b[22m\u001b[39m\n     \u001b[90m 316 |\u001b[39m     })\u001b[33m;\u001b[39m\n     \u001b[90m 317 |\u001b[39m\n     \u001b[90m 318 |\u001b[39m     it(\u001b[32m'✗ Should not allow regular users'\u001b[39m\u001b[33m,\u001b[39m \u001b[36masync\u001b[39m () \u001b[33m=>\u001b[39m {\u001b[0m\n\n      at Object.<anonymous> (tests/admin.test.js:315:40)\n\n  ● 👨‍💼 Admin Dashboard & Management › GET /api/v1/admin/analytics › ✓ Should return sales analytics\n\n    expect(received).toHaveProperty(path)\n\n    Expected path: \"salesByMonth\"\n    Received path: []\n\n    Received value: {\"lowStockProducts\": 0, \"pendingOrders\": 0, \"totalOrders\": 0, \"totalProducts\": 0, \"totalRevenue\": 0, \"totalUsers\": 1}\n\n    \u001b[0m \u001b[90m 393 |\u001b[39m\n     \u001b[90m 394 |\u001b[39m       expect(res\u001b[33m.\u001b[39mstatus)\u001b[33m.\u001b[39mtoBe(\u001b[35m200\u001b[39m)\u001b[33m;\u001b[39m\n    \u001b[31m\u001b[1m>\u001b[22m\u001b[39m\u001b[90m 395 |\u001b[39m       expect(res\u001b[33m.\u001b[39mbody\u001b[33m.\u001b[39mdata)\u001b[33m.\u001b[39mtoHaveProperty(\u001b[32m'salesByMonth'\u001b[39m)\u001b[33m;\u001b[39m\n     \u001b[90m     |\u001b[39m                             \u001b[31m\u001b[1m^\u001b[22m\u001b[39m\n     \u001b[90m 396 |\u001b[39m       expect(res\u001b[33m.\u001b[39mbody\u001b[33m.\u001b[39mdata)\u001b[33m.\u001b[39mtoHaveProperty(\u001b[32m'topProducts'\u001b[39m)\u001b[33m;\u001b[39m\n     \u001b[90m 397 |\u001b[39m       expect(res\u001b[33m.\u001b[39mbody\u001b[33m.\u001b[39mdata)\u001b[33m.\u001b[39mtoHaveProperty(\u001b[32m'customerGrowth'\u001b[39m)\u001b[33m;\u001b[39m\n     \u001b[90m 398 |\u001b[39m     })\u001b[33m;\u001b[39m\u001b[0m\n\n      at Object.<anonymous> (tests/admin.test.js:395:29)\n","name":"E:\\aqherbal_backend-dev\\aqherbal_backend-dev\\tests\\admin.test.js","startTime":1776750037541,"status":"failed","summary":""},{"assertionResults":[{"ancestorTitles":["🛒 Shopping Cart","GET /api/v1/cart"],"duration":811,"failing":false,"failureDetails":[],"failureMessages":[],"fullName":"🛒 Shopping Cart GET /api/v1/cart ✓ Should get empty cart for new user","invocations":1,"location":null,"numPassingAsserts":3,"retryReasons":[],"startAt":1776750048506,"status":"passed","title":"✓ Should get empty cart for new user"},{"ancestorTitles":["🛒 Shopping Cart","GET /api/v1/cart"],"duration":241,"failing":false,"failureDetails":[{"matcherResult":{"actual":657.8,"expected":598,"message":"expect(received).toBe(expected) // Object.is equality\n\nExpected: 598\nReceived: 657.8","name":"toBe","pass":false}}],"failureMessages":["Error: expect(received).toBe(expected) // Object.is equality\n\nExpected: 598\nReceived: 657.8\n    at Object.<anonymous> (E:\\aqherbal_backend-dev\\aqherbal_backend-dev\\tests\\cart.test.js:83:40)\n    at processTicksAndRejections (node:internal/process/task_queues:104:5)"],"fullName":"🛒 Shopping Cart GET /api/v1/cart ✓ Should get cart with items","invocations":1,"location":null,"numPassingAsserts":3,"retryReasons":[],"startAt":1776750049319,"status":"failed","title":"✓ Should get cart with items"},{"ancestorTitles":["🛒 Shopping Cart","GET /api/v1/cart"],"duration":146,"failing":false,"failureDetails":[],"failureMessages":[],"fullName":"🛒 Shopping Cart GET /api/v1/cart ✗ Should require authentication","invocations":1,"location":null,"numPassingAsserts":1,"retryReasons":[],"startAt":1776750049562,"status":"passed","title":"✗ Should require authentication"},{"ancestorTitles":["🛒 Shopping Cart","POST /api/v1/cart/add"],"duration":276,"failing":false,"failureDetails":[{}],"failureMessages":["TypeError: Cannot read properties of undefined (reading 'length')\n    at Object.<anonymous> (E:\\aqherbal_backend-dev\\aqherbal_backend-dev\\tests\\cart.test.js:107:34)\n    at processTicksAndRejections (node:internal/process/task_queues:104:5)"],"fullName":"🛒 Shopping Cart POST /api/v1/cart/add ✓ Should add product to cart","invocations":1,"location":null,"numPassingAsserts":1,"retryReasons":[],"startAt":1776750049709,"status":"failed","title":"✓ Should add product to cart"},{"ancestorTitles":["🛒 Shopping Cart","POST /api/v1/cart/add"],"duration":398,"failing":false,"failureDetails":[{}],"failureMessages":["TypeError: Cannot read properties of undefined (reading 'length')\n    at Object.<anonymous> (E:\\aqherbal_backend-dev\\aqherbal_backend-dev\\tests\\cart.test.js:132:34)\n    at processTicksAndRejections (node:internal/process/task_queues:104:5)"],"fullName":"🛒 Shopping Cart POST /api/v1/cart/add ✓ Should increase quantity for duplicate product","invocations":1,"location":null,"numPassingAsserts":1,"retryReasons":[],"startAt":1776750049985,"status":"failed","title":"✓ Should increase quantity for duplicate product"},{"ancestorTitles":["🛒 Shopping Cart","POST /api/v1/cart/add"],"duration":162,"failing":false,"failureDetails":[],"failureMessages":[],"fullName":"🛒 Shopping Cart POST /api/v1/cart/add ✗ Should fail with invalid quantity","invocations":1,"location":null,"numPassingAsserts":1,"retryReasons":[],"startAt":1776750050384,"status":"passed","title":"✗ Should fail with invalid quantity"},{"ancestorTitles":["🛒 Shopping Cart","POST /api/v1/cart/add"],"duration":162,"failing":false,"failureDetails":[{"matcherResult":{"message":"expect(received).toContain(expected) // indexOf\n\nExpected substring: \"stock\"\nReceived string:    \"\\\"quantity\\\" must be less than or equal to 999\"","pass":false}}],"failureMessages":["Error: expect(received).toContain(expected) // indexOf\n\nExpected substring: \"stock\"\nReceived string:    \"\\\"quantity\\\" must be less than or equal to 999\"\n    at Object.<anonymous> (E:\\aqherbal_backend-dev\\aqherbal_backend-dev\\tests\\cart.test.js:158:32)\n    at processTicksAndRejections (node:internal/process/task_queues:104:5)"],"fullName":"🛒 Shopping Cart POST /api/v1/cart/add ✗ Should fail with out-of-stock quantity","invocations":1,"location":null,"numPassingAsserts":1,"retryReasons":[],"startAt":1776750050547,"status":"failed","title":"✗ Should fail with out-of-stock quantity"},{"ancestorTitles":["🛒 Shopping Cart","POST /api/v1/cart/add"],"duration":186,"failing":false,"failureDetails":[],"failureMessages":[],"fullName":"🛒 Shopping Cart POST /api/v1/cart/add ✗ Should fail with non-existent product","invocations":1,"location":null,"numPassingAsserts":1,"retryReasons":[],"startAt":1776750050710,"status":"passed","title":"✗ Should fail with non-existent product"},{"ancestorTitles":["🛒 Shopping Cart","POST /api/v1/cart/add"],"duration":194,"failing":false,"failureDetails":[{"matcherResult":{"actual":404,"expected":400,"message":"expect(received).toBe(expected) // Object.is equality\n\nExpected: 400\nReceived: 404","name":"toBe","pass":false}}],"failureMessages":["Error: expect(received).toBe(expected) // Object.is equality\n\nExpected: 400\nReceived: 404\n    at Object.<anonymous> (E:\\aqherbal_backend-dev\\aqherbal_backend-dev\\tests\\cart.test.js:194:26)\n    at processTicksAndRejections (node:internal/process/task_queues:104:5)"],"fullName":"🛒 Shopping Cart POST /api/v1/cart/add ✗ Should fail with inactive product","invocations":1,"location":null,"numPassingAsserts":0,"retryReasons":[],"startAt":1776750050896,"status":"failed","title":"✗ Should fail with inactive product"},{"ancestorTitles":["🛒 Shopping Cart","PUT /api/v1/cart/update"],"duration":179,"failing":false,"failureDetails":[{"matcherResult":{"actual":400,"expected":200,"message":"expect(received).toBe(expected) // Object.is equality\n\nExpected: 200\nReceived: 400","name":"toBe","pass":false}}],"failureMessages":["Error: expect(received).toBe(expected) // Object.is equality\n\nExpected: 200\nReceived: 400\n    at Object.<anonymous> (E:\\aqherbal_backend-dev\\aqherbal_backend-dev\\tests\\cart.test.js:223:26)\n    at processTicksAndRejections (node:internal/process/task_queues:104:5)"],"fullName":"🛒 Shopping Cart PUT /api/v1/cart/update ✓ Should update item quantity","invocations":1,"location":null,"numPassingAsserts":0,"retryReasons":[],"startAt":1776750051092,"status":"failed","title":"✓ Should update item quantity"},{"ancestorTitles":["🛒 Shopping Cart","PUT /api/v1/cart/update"],"duration":185,"failing":false,"failureDetails":[],"failureMessages":[],"fullName":"🛒 Shopping Cart PUT /api/v1/cart/update ✗ Should fail with invalid quantity","invocations":1,"location":null,"numPassingAsserts":1,"retryReasons":[],"startAt":1776750051271,"status":"passed","title":"✗ Should fail with invalid quantity"},{"ancestorTitles":["🛒 Shopping Cart","PUT /api/v1/cart/update"],"duration":179,"failing":false,"failureDetails":[],"failureMessages":[],"fullName":"🛒 Shopping Cart PUT /api/v1/cart/update ✗ Should fail with quantity exceeding stock","invocations":1,"location":null,"numPassingAsserts":1,"retryReasons":[],"startAt":1776750051456,"status":"passed","title":"✗ Should fail with quantity exceeding stock"},{"ancestorTitles":["🛒 Shopping Cart","DELETE /api/v1/cart/remove/:productId"],"duration":225,"failing":false,"failureDetails":[{}],"failureMessages":["TypeError: Cannot read properties of undefined (reading 'length')\n    at Object.<anonymous> (E:\\aqherbal_backend-dev\\aqherbal_backend-dev\\tests\\cart.test.js:274:34)\n    at processTicksAndRejections (node:internal/process/task_queues:104:5)"],"fullName":"🛒 Shopping Cart DELETE /api/v1/cart/remove/:productId ✓ Should remove product from cart","invocations":1,"location":null,"numPassingAsserts":1,"retryReasons":[],"startAt":1776750051636,"status":"failed","title":"✓ Should remove product from cart"},{"ancestorTitles":["🛒 Shopping Cart","DELETE /api/v1/cart/remove/:productId"],"duration":231,"failing":false,"failureDetails":[{"matcherResult":{"actual":200,"expected":404,"message":"expect(received).toBe(expected) // Object.is equality\n\nExpected: 404\nReceived: 200","name":"toBe","pass":false}}],"failureMessages":["Error: expect(received).toBe(expected) // Object.is equality\n\nExpected: 404\nReceived: 200\n    at Object.<anonymous> (E:\\aqherbal_backend-dev\\aqherbal_backend-dev\\tests\\cart.test.js:284:26)\n    at processTicksAndRejections (node:internal/process/task_queues:104:5)"],"fullName":"🛒 Shopping Cart DELETE /api/v1/cart/remove/:productId ✗ Should fail with non-existent item","invocations":1,"location":null,"numPassingAsserts":0,"retryReasons":[],"startAt":1776750051862,"status":"failed","title":"✗ Should fail with non-existent item"},{"ancestorTitles":["🛒 Shopping Cart","DELETE /api/v1/cart/clear"],"duration":183,"failing":false,"failureDetails":[{}],"failureMessages":["TypeError: Cannot read properties of undefined (reading 'length')\n    at Object.<anonymous> (E:\\aqherbal_backend-dev\\aqherbal_backend-dev\\tests\\cart.test.js:310:34)\n    at processTicksAndRejections (node:internal/process/task_queues:104:5)"],"fullName":"🛒 Shopping Cart DELETE /api/v1/cart/clear ✓ Should clear entire cart","invocations":1,"location":null,"numPassingAsserts":1,"retryReasons":[],"startAt":1776750052094,"status":"failed","title":"✓ Should clear entire cart"}],"endTime":1776750052453,"message":"  ● 🛒 Shopping Cart › GET /api/v1/cart › ✓ Should get cart with items\n\n    expect(received).toBe(expected) // Object.is equality\n\n    Expected: 598\n    Received: 657.8\n\n    \u001b[0m \u001b[90m 81 |\u001b[39m       expect(res\u001b[33m.\u001b[39mbody\u001b[33m.\u001b[39mdata\u001b[33m.\u001b[39mitems\u001b[33m.\u001b[39mlength)\u001b[33m.\u001b[39mtoBe(\u001b[35m1\u001b[39m)\u001b[33m;\u001b[39m\n     \u001b[90m 82 |\u001b[39m       expect(res\u001b[33m.\u001b[39mbody\u001b[33m.\u001b[39mdata\u001b[33m.\u001b[39mitems[\u001b[35m0\u001b[39m]\u001b[33m.\u001b[39mquantity)\u001b[33m.\u001b[39mtoBe(\u001b[35m2\u001b[39m)\u001b[33m;\u001b[39m\n    \u001b[31m\u001b[1m>\u001b[22m\u001b[39m\u001b[90m 83 |\u001b[39m       expect(res\u001b[33m.\u001b[39mbody\u001b[33m.\u001b[39mdata\u001b[33m.\u001b[39mtotalPrice)\u001b[33m.\u001b[39mtoBe(product\u001b[33m.\u001b[39mprice \u001b[33m*\u001b[39m \u001b[35m2\u001b[39m)\u001b[33m;\u001b[39m\n     \u001b[90m    |\u001b[39m                                        \u001b[31m\u001b[1m^\u001b[22m\u001b[39m\n     \u001b[90m 84 |\u001b[39m     })\u001b[33m;\u001b[39m\n     \u001b[90m 85 |\u001b[39m\n     \u001b[90m 86 |\u001b[39m     it(\u001b[32m'✗ Should require authentication'\u001b[39m\u001b[33m,\u001b[39m \u001b[36masync\u001b[39m () \u001b[33m=>\u001b[39m {\u001b[0m\n\n      at Object.<anonymous> (tests/cart.test.js:83:40)\n\n  ● 🛒 Shopping Cart › POST /api/v1/cart/add › ✓ Should add product to cart\n\n    TypeError: Cannot read properties of undefined (reading 'length')\n\n    \u001b[0m \u001b[90m 105 |\u001b[39m\n     \u001b[90m 106 |\u001b[39m       expect(res\u001b[33m.\u001b[39mstatus)\u001b[33m.\u001b[39mtoBe(\u001b[35m200\u001b[39m)\u001b[33m;\u001b[39m\n    \u001b[31m\u001b[1m>\u001b[22m\u001b[39m\u001b[90m 107 |\u001b[39m       expect(res\u001b[33m.\u001b[39mbody\u001b[33m.\u001b[39mdata\u001b[33m.\u001b[39mitems\u001b[33m.\u001b[39mlength)\u001b[33m.\u001b[39mtoBe(\u001b[35m1\u001b[39m)\u001b[33m;\u001b[39m\n     \u001b[90m     |\u001b[39m                                  \u001b[31m\u001b[1m^\u001b[22m\u001b[39m\n     \u001b[90m 108 |\u001b[39m       expect(res\u001b[33m.\u001b[39mbody\u001b[33m.\u001b[39mdata\u001b[33m.\u001b[39mitems[\u001b[35m0\u001b[39m]\u001b[33m.\u001b[39mproductId\u001b[33m.\u001b[39mtoString())\u001b[33m.\u001b[39mtoBe(product\u001b[33m.\u001b[39m_id\u001b[33m.\u001b[39mtoString())\u001b[33m;\u001b[39m\n     \u001b[90m 109 |\u001b[39m       expect(res\u001b[33m.\u001b[39mbody\u001b[33m.\u001b[39mdata\u001b[33m.\u001b[39mitems[\u001b[35m0\u001b[39m]\u001b[33m.\u001b[39mquantity)\u001b[33m.\u001b[39mtoBe(\u001b[35m2\u001b[39m)\u001b[33m;\u001b[39m\n     \u001b[90m 110 |\u001b[39m     })\u001b[33m;\u001b[39m\u001b[0m\n\n      at Object.<anonymous> (tests/cart.test.js:107:34)\n\n  ● 🛒 Shopping Cart › POST /api/v1/cart/add › ✓ Should increase quantity for duplicate product\n\n    TypeError: Cannot read properties of undefined (reading 'length')\n\n    \u001b[0m \u001b[90m 130 |\u001b[39m\n     \u001b[90m 131 |\u001b[39m       expect(res\u001b[33m.\u001b[39mstatus)\u001b[33m.\u001b[39mtoBe(\u001b[35m200\u001b[39m)\u001b[33m;\u001b[39m\n    \u001b[31m\u001b[1m>\u001b[22m\u001b[39m\u001b[90m 132 |\u001b[39m       expect(res\u001b[33m.\u001b[39mbody\u001b[33m.\u001b[39mdata\u001b[33m.\u001b[39mitems\u001b[33m.\u001b[39mlength)\u001b[33m.\u001b[39mtoBe(\u001b[35m1\u001b[39m)\u001b[33m;\u001b[39m\n     \u001b[90m     |\u001b[39m                                  \u001b[31m\u001b[1m^\u001b[22m\u001b[39m\n     \u001b[90m 133 |\u001b[39m       expect(res\u001b[33m.\u001b[39mbody\u001b[33m.\u001b[39mdata\u001b[33m.\u001b[39mitems[\u001b[35m0\u001b[39m]\u001b[33m.\u001b[39mquantity)\u001b[33m.\u001b[39mtoBe(\u001b[35m3\u001b[39m)\u001b[33m;\u001b[39m\n     \u001b[90m 134 |\u001b[39m     })\u001b[33m;\u001b[39m\n     \u001b[90m 135 |\u001b[39m\u001b[0m\n\n      at Object.<anonymous> (tests/cart.test.js:132:34)\n\n  ● 🛒 Shopping Cart › POST /api/v1/cart/add › ✗ Should fail with out-of-stock quantity\n\n    expect(received).toContain(expected) // indexOf\n\n    Expected substring: \"stock\"\n    Received string:    \"\\\"quantity\\\" must be less than or equal to 999\"\n\n    \u001b[0m \u001b[90m 156 |\u001b[39m\n     \u001b[90m 157 |\u001b[39m       expect(res\u001b[33m.\u001b[39mstatus)\u001b[33m.\u001b[39mtoBe(\u001b[35m400\u001b[39m)\u001b[33m;\u001b[39m\n    \u001b[31m\u001b[1m>\u001b[22m\u001b[39m\u001b[90m 158 |\u001b[39m       expect(res\u001b[33m.\u001b[39mbody\u001b[33m.\u001b[39mmessage)\u001b[33m.\u001b[39mtoContain(\u001b[32m'stock'\u001b[39m)\u001b[33m;\u001b[39m\n     \u001b[90m     |\u001b[39m                                \u001b[31m\u001b[1m^\u001b[22m\u001b[39m\n     \u001b[90m 159 |\u001b[39m     })\u001b[33m;\u001b[39m\n     \u001b[90m 160 |\u001b[39m\n     \u001b[90m 161 |\u001b[39m     it(\u001b[32m'✗ Should fail with non-existent product'\u001b[39m\u001b[33m,\u001b[39m \u001b[36masync\u001b[39m () \u001b[33m=>\u001b[39m {\u001b[0m\n\n      at Object.<anonymous> (tests/cart.test.js:158:32)\n\n  ● 🛒 Shopping Cart › POST /api/v1/cart/add › ✗ Should fail with inactive product\n\n    expect(received).toBe(expected) // Object.is equality\n\n    Expected: 400\n    Received: 404\n\n    \u001b[0m \u001b[90m 192 |\u001b[39m         })\u001b[33m;\u001b[39m\n     \u001b[90m 193 |\u001b[39m\n    \u001b[31m\u001b[1m>\u001b[22m\u001b[39m\u001b[90m 194 |\u001b[39m       expect(res\u001b[33m.\u001b[39mstatus)\u001b[33m.\u001b[39mtoBe(\u001b[35m400\u001b[39m)\u001b[33m;\u001b[39m\n     \u001b[90m     |\u001b[39m                          \u001b[31m\u001b[1m^\u001b[22m\u001b[39m\n     \u001b[90m 195 |\u001b[39m     })\u001b[33m;\u001b[39m\n     \u001b[90m 196 |\u001b[39m   })\u001b[33m;\u001b[39m\n     \u001b[90m 197 |\u001b[39m\u001b[0m\n\n      at Object.<anonymous> (tests/cart.test.js:194:26)\n\n  ● 🛒 Shopping Cart › PUT /api/v1/cart/update › ✓ Should update item quantity\n\n    expect(received).toBe(expected) // Object.is equality\n\n    Expected: 200\n    Received: 400\n\n    \u001b[0m \u001b[90m 221 |\u001b[39m         })\u001b[33m;\u001b[39m\n     \u001b[90m 222 |\u001b[39m\n    \u001b[31m\u001b[1m>\u001b[22m\u001b[39m\u001b[90m 223 |\u001b[39m       expect(res\u001b[33m.\u001b[39mstatus)\u001b[33m.\u001b[39mtoBe(\u001b[35m200\u001b[39m)\u001b[33m;\u001b[39m\n     \u001b[90m     |\u001b[39m                          \u001b[31m\u001b[1m^\u001b[22m\u001b[39m\n     \u001b[90m 224 |\u001b[39m       expect(res\u001b[33m.\u001b[39mbody\u001b[33m.\u001b[39mdata\u001b[33m.\u001b[39mitems[\u001b[35m0\u001b[39m]\u001b[33m.\u001b[39mquantity)\u001b[33m.\u001b[39mtoBe(\u001b[35m5\u001b[39m)\u001b[33m;\u001b[39m\n     \u001b[90m 225 |\u001b[39m     })\u001b[33m;\u001b[39m\n     \u001b[90m 226 |\u001b[39m\u001b[0m\n\n      at Object.<anonymous> (tests/cart.test.js:223:26)\n\n  ● 🛒 Shopping Cart › DELETE /api/v1/cart/remove/:productId › ✓ Should remove product from cart\n\n    TypeError: Cannot read properties of undefined (reading 'length')\n\n    \u001b[0m \u001b[90m 272 |\u001b[39m\n     \u001b[90m 273 |\u001b[39m       expect(res\u001b[33m.\u001b[39mstatus)\u001b[33m.\u001b[39mtoBe(\u001b[35m200\u001b[39m)\u001b[33m;\u001b[39m\n    \u001b[31m\u001b[1m>\u001b[22m\u001b[39m\u001b[90m 274 |\u001b[39m       expect(res\u001b[33m.\u001b[39mbody\u001b[33m.\u001b[39mdata\u001b[33m.\u001b[39mitems\u001b[33m.\u001b[39mlength)\u001b[33m.\u001b[39mtoBe(\u001b[35m0\u001b[39m)\u001b[33m;\u001b[39m\n     \u001b[90m     |\u001b[39m                                  \u001b[31m\u001b[1m^\u001b[22m\u001b[39m\n     \u001b[90m 275 |\u001b[39m     })\u001b[33m;\u001b[39m\n     \u001b[90m 276 |\u001b[39m\n     \u001b[90m 277 |\u001b[39m     it(\u001b[32m'✗ Should fail with non-existent item'\u001b[39m\u001b[33m,\u001b[39m \u001b[36masync\u001b[39m () \u001b[33m=>\u001b[39m {\u001b[0m\n\n      at Object.<anonymous> (tests/cart.test.js:274:34)\n\n  ● 🛒 Shopping Cart › DELETE /api/v1/cart/remove/:productId › ✗ Should fail with non-existent item\n\n    expect(received).toBe(expected) // Object.is equality\n\n    Expected: 404\n    Received: 200\n\n    \u001b[0m \u001b[90m 282 |\u001b[39m         \u001b[33m.\u001b[39m\u001b[36mset\u001b[39m(\u001b[32m'Authorization'\u001b[39m\u001b[33m,\u001b[39m \u001b[32m`Bearer ${userToken}`\u001b[39m)\u001b[33m;\u001b[39m\n     \u001b[90m 283 |\u001b[39m\n    \u001b[31m\u001b[1m>\u001b[22m\u001b[39m\u001b[90m 284 |\u001b[39m       expect(res\u001b[33m.\u001b[39mstatus)\u001b[33m.\u001b[39mtoBe(\u001b[35m404\u001b[39m)\u001b[33m;\u001b[39m\n     \u001b[90m     |\u001b[39m                          \u001b[31m\u001b[1m^\u001b[22m\u001b[39m\n     \u001b[90m 285 |\u001b[39m     })\u001b[33m;\u001b[39m\n     \u001b[90m 286 |\u001b[39m   })\u001b[33m;\u001b[39m\n     \u001b[90m 287 |\u001b[39m\u001b[0m\n\n      at Object.<anonymous> (tests/cart.test.js:284:26)\n\n  ● 🛒 Shopping Cart › DELETE /api/v1/cart/clear › ✓ Should clear entire cart\n\n    TypeError: Cannot read properties of undefined (reading 'length')\n\n    \u001b[0m \u001b[90m 308 |\u001b[39m\n     \u001b[90m 309 |\u001b[39m       expect(res\u001b[33m.\u001b[39mstatus)\u001b[33m.\u001b[39mtoBe(\u001b[35m200\u001b[39m)\u001b[33m;\u001b[39m\n    \u001b[31m\u001b[1m>\u001b[22m\u001b[39m\u001b[90m 310 |\u001b[39m       expect(res\u001b[33m.\u001b[39mbody\u001b[33m.\u001b[39mdata\u001b[33m.\u001b[39mitems\u001b[33m.\u001b[39mlength)\u001b[33m.\u001b[39mtoBe(\u001b[35m0\u001b[39m)\u001b[33m;\u001b[39m\n     \u001b[90m     |\u001b[39m                                  \u001b[31m\u001b[1m^\u001b[22m\u001b[39m\n     \u001b[90m 311 |\u001b[39m       expect(res\u001b[33m.\u001b[39mbody\u001b[33m.\u001b[39mdata\u001b[33m.\u001b[39mtotalPrice)\u001b[33m.\u001b[39mtoBe(\u001b[35m0\u001b[39m)\u001b[33m;\u001b[39m\n     \u001b[90m 312 |\u001b[39m     })\u001b[33m;\u001b[39m\n     \u001b[90m 313 |\u001b[39m   })\u001b[33m;\u001b[39m\u001b[0m\n\n      at Object.<anonymous> (tests/cart.test.js:310:34)\n","name":"E:\\aqherbal_backend-dev\\aqherbal_backend-dev\\tests\\cart.test.js","startTime":1776750045826,"status":"failed","summary":""},{"assertionResults":[{"ancestorTitles":["🎟️ Coupons","POST /api/v1/coupons"],"duration":850,"failing":false,"failureDetails":[{"matcherResult":{"actual":400,"expected":201,"message":"expect(received).toBe(expected) // Object.is equality\n\nExpected: 201\nReceived: 400","name":"toBe","pass":false}}],"failureMessages":["Error: expect(received).toBe(expected) // Object.is equality\n\nExpected: 201\nReceived: 400\n    at Object.<anonymous> (E:\\aqherbal_backend-dev\\aqherbal_backend-dev\\tests\\coupons.test.js:82:26)\n    at processTicksAndRejections (node:internal/process/task_queues:104:5)"],"fullName":"🎟️ Coupons POST /api/v1/coupons ✓ Should create percentage coupon","invocations":1,"location":null,"numPassingAsserts":0,"retryReasons":[],"startAt":1776750055425,"status":"failed","title":"✓ Should create percentage coupon"},{"ancestorTitles":["🎟️ Coupons","POST /api/v1/coupons"],"duration":201,"failing":false,"failureDetails":[{"matcherResult":{"actual":400,"expected":201,"message":"expect(received).toBe(expected) // Object.is equality\n\nExpected: 201\nReceived: 400","name":"toBe","pass":false}}],"failureMessages":["Error: expect(received).toBe(expected) // Object.is equality\n\nExpected: 201\nReceived: 400\n    at Object.<anonymous> (E:\\aqherbal_backend-dev\\aqherbal_backend-dev\\tests\\coupons.test.js:102:26)\n    at processTicksAndRejections (node:internal/process/task_queues:104:5)"],"fullName":"🎟️ Coupons POST /api/v1/coupons ✓ Should create fixed coupon","invocations":1,"location":null,"numPassingAsserts":0,"retryReasons":[],"startAt":1776750056279,"status":"failed","title":"✓ Should create fixed coupon"},{"ancestorTitles":["🎟️ Coupons","POST /api/v1/coupons"],"duration":210,"failing":false,"failureDetails":[],"failureMessages":[],"fullName":"🎟️ Coupons POST /api/v1/coupons ✗ Should fail without admin role","invocations":1,"location":null,"numPassingAsserts":1,"retryReasons":[],"startAt":1776750056481,"status":"passed","title":"✗ Should fail without admin role"},{"ancestorTitles":["🎟️ Coupons","POST /api/v1/coupons"],"duration":130,"failing":false,"failureDetails":[{"errors":{"validUntil":{"properties":{"message":"Path `validUntil` is required.","type":"required","path":"validUntil"},"kind":"required","path":"validUntil"},"description":{"properties":{"message":"Path `description` is required.","type":"required","path":"description"},"kind":"required","path":"description"}},"_message":"Coupon validation failed"}],"failureMessages":["ValidationError: Coupon validation failed: validUntil: Path `validUntil` is required., description: Path `description` is required.\n    at model.Document.invalidate (E:\\aqherbal_backend-dev\\aqherbal_backend-dev\\node_modules\\mongoose\\lib\\document.js:3354:32)\n    at E:\\aqherbal_backend-dev\\aqherbal_backend-dev\\node_modules\\mongoose\\lib\\document.js:3115:17\n    at E:\\aqherbal_backend-dev\\aqherbal_backend-dev\\node_modules\\mongoose\\lib\\schemaType.js:1410:9\n    at processTicksAndRejections (node:internal/process/task_queues:85:11)"],"fullName":"🎟️ Coupons POST /api/v1/coupons ✗ Should fail with duplicate code","invocations":1,"location":null,"numPassingAsserts":0,"retryReasons":[],"startAt":1776750056692,"status":"failed","title":"✗ Should fail with duplicate code"},{"ancestorTitles":["🎟️ Coupons","POST /api/v1/coupons"],"duration":190,"failing":false,"failureDetails":[],"failureMessages":[],"fullName":"🎟️ Coupons POST /api/v1/coupons ✗ Should validate discount value","invocations":1,"location":null,"numPassingAsserts":1,"retryReasons":[],"startAt":1776750056825,"status":"passed","title":"✗ Should validate discount value"},{"ancestorTitles":["🎟️ Coupons","POST /api/v1/coupons"],"duration":205,"failing":false,"failureDetails":[],"failureMessages":[],"fullName":"🎟️ Coupons POST /api/v1/coupons ✗ Should require expiry date in future","invocations":1,"location":null,"numPassingAsserts":1,"retryReasons":[],"startAt":1776750057016,"status":"passed","title":"✗ Should require expiry date in future"},{"ancestorTitles":["🎟️ Coupons","POST /api/v1/coupons/validate"],"duration":141,"failing":false,"failureDetails":[{"errors":{"validUntil":{"properties":{"message":"Path `validUntil` is required.","type":"required","path":"validUntil"},"kind":"required","path":"validUntil"},"description":{"properties":{"message":"Path `description` is required.","type":"required","path":"description"},"kind":"required","path":"description"}},"_message":"Coupon validation failed"}],"failureMessages":["ValidationError: Coupon validation failed: validUntil: Path `validUntil` is required., description: Path `description` is required.\n    at model.Document.invalidate (E:\\aqherbal_backend-dev\\aqherbal_backend-dev\\node_modules\\mongoose\\lib\\document.js:3354:32)\n    at E:\\aqherbal_backend-dev\\aqherbal_backend-dev\\node_modules\\mongoose\\lib\\document.js:3115:17\n    at E:\\aqherbal_backend-dev\\aqherbal_backend-dev\\node_modules\\mongoose\\lib\\schemaType.js:1410:9\n    at processTicksAndRejections (node:internal/process/task_queues:85:11)"],"fullName":"🎟️ Coupons POST /api/v1/coupons/validate ✓ Should validate valid coupon","invocations":1,"location":null,"numPassingAsserts":0,"retryReasons":[],"startAt":1776750057222,"status":"failed","title":"✓ Should validate valid coupon"},{"ancestorTitles":["🎟️ Coupons","POST /api/v1/coupons/validate"],"duration":132,"failing":false,"failureDetails":[{"errors":{"validUntil":{"properties":{"message":"Path `validUntil` is required.","type":"required","path":"validUntil"},"kind":"required","path":"validUntil"},"description":{"properties":{"message":"Path `description` is required.","type":"required","path":"description"},"kind":"required","path":"description"}},"_message":"Coupon validation failed"}],"failureMessages":["ValidationError: Coupon validation failed: validUntil: Path `validUntil` is required., description: Path `description` is required.\n    at model.Document.invalidate (E:\\aqherbal_backend-dev\\aqherbal_backend-dev\\node_modules\\mongoose\\lib\\document.js:3354:32)\n    at E:\\aqherbal_backend-dev\\aqherbal_backend-dev\\node_modules\\mongoose\\lib\\document.js:3115:17\n    at E:\\aqherbal_backend-dev\\aqherbal_backend-dev\\node_modules\\mongoose\\lib\\schemaType.js:1410:9\n    at processTicksAndRejections (node:internal/process/task_queues:85:11)"],"fullName":"🎟️ Coupons POST /api/v1/coupons/validate ✗ Should reject invalid coupon code","invocations":1,"location":null,"numPassingAsserts":0,"retryReasons":[],"startAt":1776750057364,"status":"failed","title":"✗ Should reject invalid coupon code"},{"ancestorTitles":["🎟️ Coupons","POST /api/v1/coupons/validate"],"duration":123,"failing":false,"failureDetails":[{"errors":{"validUntil":{"properties":{"message":"Path `validUntil` is required.","type":"required","path":"validUntil"},"kind":"required","path":"validUntil"},"description":{"properties":{"message":"Path `description` is required.","type":"required","path":"description"},"kind":"required","path":"description"}},"_message":"Coupon validation failed"}],"failureMessages":["ValidationError: Coupon validation failed: validUntil: Path `validUntil` is required., description: Path `description` is required.\n    at model.Document.invalidate (E:\\aqherbal_backend-dev\\aqherbal_backend-dev\\node_modules\\mongoose\\lib\\document.js:3354:32)\n    at E:\\aqherbal_backend-dev\\aqherbal_backend-dev\\node_modules\\mongoose\\lib\\document.js:3115:17\n    at E:\\aqherbal_backend-dev\\aqherbal_backend-dev\\node_modules\\mongoose\\lib\\schemaType.js:1410:9\n    at processTicksAndRejections (node:internal/process/task_queues:85:11)"],"fullName":"🎟️ Coupons POST /api/v1/coupons/validate ✗ Should reject expired coupon","invocations":1,"location":null,"numPassingAsserts":0,"retryReasons":[],"startAt":1776750057497,"status":"failed","title":"✗ Should reject expired coupon"},{"ancestorTitles":["🎟️ Coupons","POST /api/v1/coupons/validate"],"duration":126,"failing":false,"failureDetails":[{"errors":{"validUntil":{"properties":{"message":"Path `validUntil` is required.","type":"required","path":"validUntil"},"kind":"required","path":"validUntil"},"description":{"properties":{"message":"Path `description` is required.","type":"required","path":"description"},"kind":"required","path":"description"}},"_message":"Coupon validation failed"}],"failureMessages":["ValidationError: Coupon validation failed: validUntil: Path `validUntil` is required., description: Path `description` is required.\n    at model.Document.invalidate (E:\\aqherbal_backend-dev\\aqherbal_backend-dev\\node_modules\\mongoose\\lib\\document.js:3354:32)\n    at E:\\aqherbal_backend-dev\\aqherbal_backend-dev\\node_modules\\mongoose\\lib\\document.js:3115:17\n    at E:\\aqherbal_backend-dev\\aqherbal_backend-dev\\node_modules\\mongoose\\lib\\schemaType.js:1410:9\n    at processTicksAndRejections (node:internal/process/task_queues:85:11)"],"fullName":"🎟️ Coupons POST /api/v1/coupons/validate ✗ Should reject if min order value not met","invocations":1,"location":null,"numPassingAsserts":0,"retryReasons":[],"startAt":1776750057621,"status":"failed","title":"✗ Should reject if min order value not met"},{"ancestorTitles":["🎟️ Coupons","POST /api/v1/coupons/validate"],"duration":131,"failing":false,"failureDetails":[{"errors":{"validUntil":{"properties":{"message":"Path `validUntil` is required.","type":"required","path":"validUntil"},"kind":"required","path":"validUntil"},"description":{"properties":{"message":"Path `description` is required.","type":"required","path":"description"},"kind":"required","path":"description"}},"_message":"Coupon validation failed"}],"failureMessages":["ValidationError: Coupon validation failed: validUntil: Path `validUntil` is required., description: Path `description` is required.\n    at model.Document.invalidate (E:\\aqherbal_backend-dev\\aqherbal_backend-dev\\node_modules\\mongoose\\lib\\document.js:3354:32)\n    at E:\\aqherbal_backend-dev\\aqherbal_backend-dev\\node_modules\\mongoose\\lib\\document.js:3115:17\n    at E:\\aqherbal_backend-dev\\aqherbal_backend-dev\\node_modules\\mongoose\\lib\\schemaType.js:1410:9\n    at processTicksAndRejections (node:internal/process/task_queues:85:11)"],"fullName":"🎟️ Coupons POST /api/v1/coupons/validate ✗ Should reject if max uses reached","invocations":1,"location":null,"numPassingAsserts":0,"retryReasons":[],"startAt":1776750057747,"status":"failed","title":"✗ Should reject if max uses reached"},{"ancestorTitles":["🎟️ Coupons","POST /api/v1/coupons/validate"],"duration":138,"failing":false,"failureDetails":[{"errors":{"validUntil":{"properties":{"message":"Path `validUntil` is required.","type":"required","path":"validUntil"},"kind":"required","path":"validUntil"},"description":{"properties":{"message":"Path `description` is required.","type":"required","path":"description"},"kind":"required","path":"description"}},"_message":"Coupon validation failed"}],"failureMessages":["ValidationError: Coupon validation failed: validUntil: Path `validUntil` is required., description: Path `description` is required.\n    at model.Document.invalidate (E:\\aqherbal_backend-dev\\aqherbal_backend-dev\\node_modules\\mongoose\\lib\\document.js:3354:32)\n    at E:\\aqherbal_backend-dev\\aqherbal_backend-dev\\node_modules\\mongoose\\lib\\document.js:3115:17\n    at E:\\aqherbal_backend-dev\\aqherbal_backend-dev\\node_modules\\mongoose\\lib\\schemaType.js:1410:9\n    at processTicksAndRejections (node:internal/process/task_queues:85:11)"],"fullName":"🎟️ Coupons POST /api/v1/coupons/validate ✗ Should reject if user max uses exceeded","invocations":1,"location":null,"numPassingAsserts":0,"retryReasons":[],"startAt":1776750057879,"status":"failed","title":"✗ Should reject if user max uses exceeded"},{"ancestorTitles":["🎟️ Coupons","POST /api/v1/coupons/validate"],"duration":126,"failing":false,"failureDetails":[{"errors":{"validUntil":{"properties":{"message":"Path `validUntil` is required.","type":"required","path":"validUntil"},"kind":"required","path":"validUntil"},"description":{"properties":{"message":"Path `description` is required.","type":"required","path":"description"},"kind":"required","path":"description"}},"_message":"Coupon validation failed"}],"failureMessages":["ValidationError: Coupon validation failed: validUntil: Path `validUntil` is required., description: Path `description` is required.\n    at model.Document.invalidate (E:\\aqherbal_backend-dev\\aqherbal_backend-dev\\node_modules\\mongoose\\lib\\document.js:3354:32)\n    at E:\\aqherbal_backend-dev\\aqherbal_backend-dev\\node_modules\\mongoose\\lib\\document.js:3115:17\n    at E:\\aqherbal_backend-dev\\aqherbal_backend-dev\\node_modules\\mongoose\\lib\\schemaType.js:1410:9\n    at processTicksAndRejections (node:internal/process/task_queues:85:11)"],"fullName":"🎟️ Coupons POST /api/v1/coupons/validate ✓ Should calculate percentage discount correctly","invocations":1,"location":null,"numPassingAsserts":0,"retryReasons":[],"startAt":1776750058018,"status":"failed","title":"✓ Should calculate percentage discount correctly"},{"ancestorTitles":["🎟️ Coupons","POST /api/v1/coupons/validate"],"duration":125,"failing":false,"failureDetails":[{"errors":{"validUntil":{"properties":{"message":"Path `validUntil` is required.","type":"required","path":"validUntil"},"kind":"required","path":"validUntil"},"description":{"properties":{"message":"Path `description` is required.","type":"required","path":"description"},"kind":"required","path":"description"}},"_message":"Coupon validation failed"}],"failureMessages":["ValidationError: Coupon validation failed: validUntil: Path `validUntil` is required., description: Path `description` is required.\n    at model.Document.invalidate (E:\\aqherbal_backend-dev\\aqherbal_backend-dev\\node_modules\\mongoose\\lib\\document.js:3354:32)\n    at E:\\aqherbal_backend-dev\\aqherbal_backend-dev\\node_modules\\mongoose\\lib\\document.js:3115:17\n    at E:\\aqherbal_backend-dev\\aqherbal_backend-dev\\node_modules\\mongoose\\lib\\schemaType.js:1410:9\n    at processTicksAndRejections (node:internal/process/task_queues:85:11)"],"fullName":"🎟️ Coupons POST /api/v1/coupons/validate ✓ Should apply fixed discount","invocations":1,"location":null,"numPassingAsserts":0,"retryReasons":[],"startAt":1776750058145,"status":"failed","title":"✓ Should apply fixed discount"},{"ancestorTitles":["🎟️ Coupons","POST /api/v1/cart/apply-coupon"],"duration":141,"failing":false,"failureDetails":[{"errors":{"validUntil":{"properties":{"message":"Path `validUntil` is required.","type":"required","path":"validUntil"},"kind":"required","path":"validUntil"},"description":{"properties":{"message":"Path `description` is required.","type":"required","path":"description"},"kind":"required","path":"description"}},"_message":"Coupon validation failed"}],"failureMessages":["ValidationError: Coupon validation failed: validUntil: Path `validUntil` is required., description: Path `description` is required.\n    at model.Document.invalidate (E:\\aqherbal_backend-dev\\aqherbal_backend-dev\\node_modules\\mongoose\\lib\\document.js:3354:32)\n    at E:\\aqherbal_backend-dev\\aqherbal_backend-dev\\node_modules\\mongoose\\lib\\document.js:3115:17\n    at E:\\aqherbal_backend-dev\\aqherbal_backend-dev\\node_modules\\mongoose\\lib\\schemaType.js:1410:9\n    at processTicksAndRejections (node:internal/process/task_queues:85:11)"],"fullName":"🎟️ Coupons POST /api/v1/cart/apply-coupon ✓ Should apply coupon to cart","invocations":1,"location":null,"numPassingAsserts":0,"retryReasons":[],"startAt":1776750058271,"status":"failed","title":"✓ Should apply coupon to cart"},{"ancestorTitles":["🎟️ Coupons","POST /api/v1/cart/apply-coupon"],"duration":132,"failing":false,"failureDetails":[{"errors":{"validUntil":{"properties":{"message":"Path `validUntil` is required.","type":"required","path":"validUntil"},"kind":"required","path":"validUntil"},"description":{"properties":{"message":"Path `description` is required.","type":"required","path":"description"},"kind":"required","path":"description"}},"_message":"Coupon validation failed"}],"failureMessages":["ValidationError: Coupon validation failed: validUntil: Path `validUntil` is required., description: Path `description` is required.\n    at model.Document.invalidate (E:\\aqherbal_backend-dev\\aqherbal_backend-dev\\node_modules\\mongoose\\lib\\document.js:3354:32)\n    at E:\\aqherbal_backend-dev\\aqherbal_backend-dev\\node_modules\\mongoose\\lib\\document.js:3115:17\n    at E:\\aqherbal_backend-dev\\aqherbal_backend-dev\\node_modules\\mongoose\\lib\\schemaType.js:1410:9\n    at processTicksAndRejections (node:internal/process/task_queues:85:11)"],"fullName":"🎟️ Coupons POST /api/v1/cart/apply-coupon ✗ Should fail with empty cart","invocations":1,"location":null,"numPassingAsserts":0,"retryReasons":[],"startAt":1776750058413,"status":"failed","title":"✗ Should fail with empty cart"},{"ancestorTitles":["🎟️ Coupons","PUT /api/v1/coupons/:id"],"duration":115,"failing":false,"failureDetails":[{"errors":{"validUntil":{"properties":{"message":"Path `validUntil` is required.","type":"required","path":"validUntil"},"kind":"required","path":"validUntil"},"description":{"properties":{"message":"Path `description` is required.","type":"required","path":"description"},"kind":"required","path":"description"}},"_message":"Coupon validation failed"}],"failureMessages":["ValidationError: Coupon validation failed: validUntil: Path `validUntil` is required., description: Path `description` is required.\n    at model.Document.invalidate (E:\\aqherbal_backend-dev\\aqherbal_backend-dev\\node_modules\\mongoose\\lib\\document.js:3354:32)\n    at E:\\aqherbal_backend-dev\\aqherbal_backend-dev\\node_modules\\mongoose\\lib\\document.js:3115:17\n    at E:\\aqherbal_backend-dev\\aqherbal_backend-dev\\node_modules\\mongoose\\lib\\schemaType.js:1410:9\n    at processTicksAndRejections (node:internal/process/task_queues:85:11)"],"fullName":"🎟️ Coupons PUT /api/v1/coupons/:id ✓ Should update coupon","invocations":1,"location":null,"numPassingAsserts":0,"retryReasons":[],"startAt":1776750058547,"status":"failed","title":"✓ Should update coupon"},{"ancestorTitles":["🎟️ Coupons","PUT /api/v1/coupons/:id"],"duration":138,"failing":false,"failureDetails":[{"errors":{"validUntil":{"properties":{"message":"Path `validUntil` is required.","type":"required","path":"validUntil"},"kind":"required","path":"validUntil"},"description":{"properties":{"message":"Path `description` is required.","type":"required","path":"description"},"kind":"required","path":"description"}},"_message":"Coupon validation failed"}],"failureMessages":["ValidationError: Coupon validation failed: validUntil: Path `validUntil` is required., description: Path `description` is required.\n    at model.Document.invalidate (E:\\aqherbal_backend-dev\\aqherbal_backend-dev\\node_modules\\mongoose\\lib\\document.js:3354:32)\n    at E:\\aqherbal_backend-dev\\aqherbal_backend-dev\\node_modules\\mongoose\\lib\\document.js:3115:17\n    at E:\\aqherbal_backend-dev\\aqherbal_backend-dev\\node_modules\\mongoose\\lib\\schemaType.js:1410:9\n    at processTicksAndRejections (node:internal/process/task_queues:85:11)"],"fullName":"🎟️ Coupons PUT /api/v1/coupons/:id ✗ Should not allow users to update","invocations":1,"location":null,"numPassingAsserts":0,"retryReasons":[],"startAt":1776750058663,"status":"failed","title":"✗ Should not allow users to update"},{"ancestorTitles":["🎟️ Coupons","DELETE /api/v1/coupons/:id"],"duration":123,"failing":false,"failureDetails":[{"errors":{"validUntil":{"properties":{"message":"Path `validUntil` is required.","type":"required","path":"validUntil"},"kind":"required","path":"validUntil"},"description":{"properties":{"message":"Path `description` is required.","type":"required","path":"description"},"kind":"required","path":"description"}},"_message":"Coupon validation failed"}],"failureMessages":["ValidationError: Coupon validation failed: validUntil: Path `validUntil` is required., description: Path `description` is required.\n    at model.Document.invalidate (E:\\aqherbal_backend-dev\\aqherbal_backend-dev\\node_modules\\mongoose\\lib\\document.js:3354:32)\n    at E:\\aqherbal_backend-dev\\aqherbal_backend-dev\\node_modules\\mongoose\\lib\\document.js:3115:17\n    at E:\\aqherbal_backend-dev\\aqherbal_backend-dev\\node_modules\\mongoose\\lib\\schemaType.js:1410:9\n    at processTicksAndRejections (node:internal/process/task_queues:85:11)"],"fullName":"🎟️ Coupons DELETE /api/v1/coupons/:id ✓ Should delete coupon","invocations":1,"location":null,"numPassingAsserts":0,"retryReasons":[],"startAt":1776750058803,"status":"failed","title":"✓ Should delete coupon"},{"ancestorTitles":["🎟️ Coupons","DELETE /api/v1/coupons/:id"],"duration":119,"failing":false,"failureDetails":[{"errors":{"validUntil":{"properties":{"message":"Path `validUntil` is required.","type":"required","path":"validUntil"},"kind":"required","path":"validUntil"},"description":{"properties":{"message":"Path `description` is required.","type":"required","path":"description"},"kind":"required","path":"description"}},"_message":"Coupon validation failed"}],"failureMessages":["ValidationError: Coupon validation failed: validUntil: Path `validUntil` is required., description: Path `description` is required.\n    at model.Document.invalidate (E:\\aqherbal_backend-dev\\aqherbal_backend-dev\\node_modules\\mongoose\\lib\\document.js:3354:32)\n    at E:\\aqherbal_backend-dev\\aqherbal_backend-dev\\node_modules\\mongoose\\lib\\document.js:3115:17\n    at E:\\aqherbal_backend-dev\\aqherbal_backend-dev\\node_modules\\mongoose\\lib\\schemaType.js:1410:9\n    at processTicksAndRejections (node:internal/process/task_queues:85:11)"],"fullName":"🎟️ Coupons DELETE /api/v1/coupons/:id ✗ Should not allow users to delete","invocations":1,"location":null,"numPassingAsserts":0,"retryReasons":[],"startAt":1776750058927,"status":"failed","title":"✗ Should not allow users to delete"},{"ancestorTitles":["🎟️ Coupons","GET /api/v1/coupons"],"duration":166,"failing":false,"failureDetails":[{"errors":{"validUntil":{"properties":{"message":"Path `validUntil` is required.","type":"required","path":"validUntil"},"kind":"required","path":"validUntil"},"description":{"properties":{"message":"Path `description` is required.","type":"required","path":"description"},"kind":"required","path":"description"}},"_message":"Coupon validation failed"}],"failureMessages":["ValidationError: Coupon validation failed: validUntil: Path `validUntil` is required., description: Path `description` is required.\n    at model.Document.invalidate (E:\\aqherbal_backend-dev\\aqherbal_backend-dev\\node_modules\\mongoose\\lib\\document.js:3354:32)\n    at E:\\aqherbal_backend-dev\\aqherbal_backend-dev\\node_modules\\mongoose\\lib\\document.js:3115:17\n    at E:\\aqherbal_backend-dev\\aqherbal_backend-dev\\node_modules\\mongoose\\lib\\schemaType.js:1410:9\n    at processTicksAndRejections (node:internal/process/task_queues:85:11)"],"fullName":"🎟️ Coupons GET /api/v1/coupons ✓ Should list active coupons for users","invocations":1,"location":null,"numPassingAsserts":0,"retryReasons":[],"startAt":1776750059047,"status":"failed","title":"✓ Should list active coupons for users"},{"ancestorTitles":["🎟️ Coupons","GET /api/v1/coupons"],"duration":141,"failing":false,"failureDetails":[{"errors":{"validUntil":{"properties":{"message":"Path `validUntil` is required.","type":"required","path":"validUntil"},"kind":"required","path":"validUntil"},"description":{"properties":{"message":"Path `description` is required.","type":"required","path":"description"},"kind":"required","path":"description"}},"_message":"Coupon validation failed"}],"failureMessages":["ValidationError: Coupon validation failed: validUntil: Path `validUntil` is required., description: Path `description` is required.\n    at model.Document.invalidate (E:\\aqherbal_backend-dev\\aqherbal_backend-dev\\node_modules\\mongoose\\lib\\document.js:3354:32)\n    at E:\\aqherbal_backend-dev\\aqherbal_backend-dev\\node_modules\\mongoose\\lib\\document.js:3115:17\n    at E:\\aqherbal_backend-dev\\aqherbal_backend-dev\\node_modules\\mongoose\\lib\\schemaType.js:1410:9\n    at processTicksAndRejections (node:internal/process/task_queues:85:11)"],"fullName":"🎟️ Coupons GET /api/v1/coupons ✓ Should list all coupons for admin","invocations":1,"location":null,"numPassingAsserts":0,"retryReasons":[],"startAt":1776750059213,"status":"failed","title":"✓ Should list all coupons for admin"},{"ancestorTitles":["🎟️ Coupons","🔧 Edge Cases"],"duration":137,"failing":false,"failureDetails":[{"errors":{"validUntil":{"properties":{"message":"Path `validUntil` is required.","type":"required","path":"validUntil"},"kind":"required","path":"validUntil"},"description":{"properties":{"message":"Path `description` is required.","type":"required","path":"description"},"kind":"required","path":"description"}},"_message":"Coupon validation failed"}],"failureMessages":["ValidationError: Coupon validation failed: validUntil: Path `validUntil` is required., description: Path `description` is required.\n    at model.Document.invalidate (E:\\aqherbal_backend-dev\\aqherbal_backend-dev\\node_modules\\mongoose\\lib\\document.js:3354:32)\n    at E:\\aqherbal_backend-dev\\aqherbal_backend-dev\\node_modules\\mongoose\\lib\\document.js:3115:17\n    at E:\\aqherbal_backend-dev\\aqherbal_backend-dev\\node_modules\\mongoose\\lib\\schemaType.js:1410:9\n    at processTicksAndRejections (node:internal/process/task_queues:85:11)"],"fullName":"🎟️ Coupons 🔧 Edge Cases ✓ Should handle case-insensitive coupon code","invocations":1,"location":null,"numPassingAsserts":0,"retryReasons":[],"startAt":1776750059355,"status":"failed","title":"✓ Should handle case-insensitive coupon code"},{"ancestorTitles":["🎟️ Coupons","🔧 Edge Cases"],"duration":138,"failing":false,"failureDetails":[{"errors":{"validUntil":{"properties":{"message":"Path `validUntil` is required.","type":"required","path":"validUntil"},"kind":"required","path":"validUntil"},"description":{"properties":{"message":"Path `description` is required.","type":"required","path":"description"},"kind":"required","path":"description"}},"_message":"Coupon validation failed"}],"failureMessages":["ValidationError: Coupon validation failed: validUntil: Path `validUntil` is required., description: Path `description` is required.\n    at model.Document.invalidate (E:\\aqherbal_backend-dev\\aqherbal_backend-dev\\node_modules\\mongoose\\lib\\document.js:3354:32)\n    at E:\\aqherbal_backend-dev\\aqherbal_backend-dev\\node_modules\\mongoose\\lib\\document.js:3115:17\n    at E:\\aqherbal_backend-dev\\aqherbal_backend-dev\\node_modules\\mongoose\\lib\\schemaType.js:1410:9\n    at processTicksAndRejections (node:internal/process/task_queues:85:11)"],"fullName":"🎟️ Coupons 🔧 Edge Cases ✓ Should not apply discount greater than order amount","invocations":1,"location":null,"numPassingAsserts":0,"retryReasons":[],"startAt":1776750059493,"status":"failed","title":"✓ Should not apply discount greater than order amount"}],"endTime":1776750059785,"message":"  ● 🎟️ Coupons › POST /api/v1/coupons › ✓ Should create percentage coupon\n\n    expect(received).toBe(expected) // Object.is equality\n\n    Expected: 201\n    Received: 400\n\n    \u001b[0m \u001b[90m 80 |\u001b[39m         })\u001b[33m;\u001b[39m\n     \u001b[90m 81 |\u001b[39m\n    \u001b[31m\u001b[1m>\u001b[22m\u001b[39m\u001b[90m 82 |\u001b[39m       expect(res\u001b[33m.\u001b[39mstatus)\u001b[33m.\u001b[39mtoBe(\u001b[35m201\u001b[39m)\u001b[33m;\u001b[39m\n     \u001b[90m    |\u001b[39m                          \u001b[31m\u001b[1m^\u001b[22m\u001b[39m\n     \u001b[90m 83 |\u001b[39m       expect(res\u001b[33m.\u001b[39mbody\u001b[33m.\u001b[39mdata\u001b[33m.\u001b[39mcode)\u001b[33m.\u001b[39mtoBe(\u001b[32m'SAVE10'\u001b[39m)\u001b[33m;\u001b[39m\n     \u001b[90m 84 |\u001b[39m       expect(res\u001b[33m.\u001b[39mbody\u001b[33m.\u001b[39mdata\u001b[33m.\u001b[39mdiscountType)\u001b[33m.\u001b[39mtoBe(\u001b[32m'percentage'\u001b[39m)\u001b[33m;\u001b[39m\n     \u001b[90m 85 |\u001b[39m     })\u001b[33m;\u001b[39m\u001b[0m\n\n      at Object.<anonymous> (tests/coupons.test.js:82:26)\n\n  ● 🎟️ Coupons › POST /api/v1/coupons › ✓ Should create fixed coupon\n\n    expect(received).toBe(expected) // Object.is equality\n\n    Expected: 201\n    Received: 400\n\n    \u001b[0m \u001b[90m 100 |\u001b[39m         })\u001b[33m;\u001b[39m\n     \u001b[90m 101 |\u001b[39m\n    \u001b[31m\u001b[1m>\u001b[22m\u001b[39m\u001b[90m 102 |\u001b[39m       expect(res\u001b[33m.\u001b[39mstatus)\u001b[33m.\u001b[39mtoBe(\u001b[35m201\u001b[39m)\u001b[33m;\u001b[39m\n     \u001b[90m     |\u001b[39m                          \u001b[31m\u001b[1m^\u001b[22m\u001b[39m\n     \u001b[90m 103 |\u001b[39m       expect(res\u001b[33m.\u001b[39mbody\u001b[33m.\u001b[39mdata\u001b[33m.\u001b[39mdiscountType)\u001b[33m.\u001b[39mtoBe(\u001b[32m'fixed'\u001b[39m)\u001b[33m;\u001b[39m\n     \u001b[90m 104 |\u001b[39m     })\u001b[33m;\u001b[39m\n     \u001b[90m 105 |\u001b[39m\u001b[0m\n\n      at Object.<anonymous> (tests/coupons.test.js:102:26)\n\n  ● 🎟️ Coupons › POST /api/v1/coupons › ✗ Should fail with duplicate code\n\n    ValidationError: Coupon validation failed: validUntil: Path `validUntil` is required., description: Path `description` is required.\n\n      at model.Document.invalidate (node_modules/mongoose/lib/document.js:3354:32)\n      at node_modules/mongoose/lib/document.js:3115:17\n      at node_modules/mongoose/lib/schemaType.js:1410:9\n\n  ● 🎟️ Coupons › POST /api/v1/coupons/validate › ✓ Should validate valid coupon\n\n    ValidationError: Coupon validation failed: validUntil: Path `validUntil` is required., description: Path `description` is required.\n\n      at model.Document.invalidate (node_modules/mongoose/lib/document.js:3354:32)\n      at node_modules/mongoose/lib/document.js:3115:17\n      at node_modules/mongoose/lib/schemaType.js:1410:9\n\n  ● 🎟️ Coupons › POST /api/v1/coupons/validate › ✗ Should reject invalid coupon code\n\n    ValidationError: Coupon validation failed: validUntil: Path `validUntil` is required., description: Path `description` is required.\n\n      at model.Document.invalidate (node_modules/mongoose/lib/document.js:3354:32)\n      at node_modules/mongoose/lib/document.js:3115:17\n      at node_modules/mongoose/lib/schemaType.js:1410:9\n\n  ● 🎟️ Coupons › POST /api/v1/coupons/validate › ✗ Should reject expired coupon\n\n    ValidationError: Coupon validation failed: validUntil: Path `validUntil` is required., description: Path `des
[...]
t":1776750093834,"status":"passed","title":"✓ Should get product details"},{"ancestorTitles":["📦 Products & Categories","GET /api/v1/products/:id"],"duration":159,"failing":false,"failureDetails":[],"failureMessages":[],"fullName":"📦 Products & Categories GET /api/v1/products/:id ✗ Should return 404 for non-existent product","invocations":1,"location":null,"numPassingAsserts":1,"retryReasons":[],"startAt":1776750094014,"status":"passed","title":"✗ Should return 404 for non-existent product"},{"ancestorTitles":["📦 Products & Categories","GET /api/v1/products/:id"],"duration":145,"failing":false,"failureDetails":[],"failureMessages":[],"fullName":"📦 Products & Categories GET /api/v1/products/:id ✗ Should return 400 for invalid product ID","invocations":1,"location":null,"numPassingAsserts":1,"retryReasons":[],"startAt":1776750094174,"status":"passed","title":"✗ Should return 400 for invalid product ID"},{"ancestorTitles":["📦 Products & Categories","GET /api/v1/products/:id"],"duration":148,"failing":false,"failureDetails":[],"failureMessages":[],"fullName":"📦 Products & Categories GET /api/v1/products/:id ✓ Should include related products","invocations":1,"location":null,"numPassingAsserts":2,"retryReasons":[],"startAt":1776750094319,"status":"passed","title":"✓ Should include related products"},{"ancestorTitles":["📦 Products & Categories","POST /api/v1/products"],"duration":206,"failing":false,"failureDetails":[],"failureMessages":[],"fullName":"📦 Products & Categories POST /api/v1/products ✓ Admin can create product","invocations":1,"location":null,"numPassingAsserts":3,"retryReasons":[],"startAt":1776750094468,"status":"passed","title":"✓ Admin can create product"},{"ancestorTitles":["📦 Products & Categories","POST /api/v1/products"],"duration":148,"failing":false,"failureDetails":[],"failureMessages":[],"fullName":"📦 Products & Categories POST /api/v1/products ✗ User cannot create product","invocations":1,"location":null,"numPassingAsserts":1,"retryReasons":[],"startAt":1776750094675,"status":"passed","title":"✗ User cannot create product"},{"ancestorTitles":["📦 Products & Categories","POST /api/v1/products"],"duration":134,"failing":false,"failureDetails":[],"failureMessages":[],"fullName":"📦 Products & Categories POST /api/v1/products ✗ Unauthenticated user cannot create product","invocations":1,"location":null,"numPassingAsserts":1,"retryReasons":[],"startAt":1776750094824,"status":"passed","title":"✗ Unauthenticated user cannot create product"},{"ancestorTitles":["📦 Products & Categories","POST /api/v1/products"],"duration":120,"failing":false,"failureDetails":[],"failureMessages":[],"fullName":"📦 Products & Categories POST /api/v1/products ✗ Should fail with missing required fields","invocations":1,"location":null,"numPassingAsserts":1,"retryReasons":[],"startAt":1776750094959,"status":"passed","title":"✗ Should fail with missing required fields"},{"ancestorTitles":["📦 Products & Categories","POST /api/v1/products"],"duration":125,"failing":false,"failureDetails":[],"failureMessages":[],"fullName":"📦 Products & Categories POST /api/v1/products ✗ Should fail with invalid price","invocations":1,"location":null,"numPassingAsserts":1,"retryReasons":[],"startAt":1776750095080,"status":"passed","title":"✗ Should fail with invalid price"},{"ancestorTitles":["📦 Products & Categories","POST /api/v1/products"],"duration":126,"failing":false,"failureDetails":[],"failureMessages":[],"fullName":"📦 Products & Categories POST /api/v1/products ✗ Should fail with invalid stock","invocations":1,"location":null,"numPassingAsserts":1,"retryReasons":[],"startAt":1776750095206,"status":"passed","title":"✗ Should fail with invalid stock"},{"ancestorTitles":["📦 Products & Categories","POST /api/v1/products"],"duration":210,"failing":false,"failureDetails":[],"failureMessages":[],"fullName":"📦 Products & Categories POST /api/v1/products ✗ Should fail with duplicate SKU","invocations":1,"location":null,"numPassingAsserts":1,"retryReasons":[],"startAt":1776750095333,"status":"passed","title":"✗ Should fail with duplicate SKU"},{"ancestorTitles":["📦 Products & Categories","PUT /api/v1/products/:id"],"duration":190,"failing":false,"failureDetails":[],"failureMessages":[],"fullName":"📦 Products & Categories PUT /api/v1/products/:id ✓ Admin can update product","invocations":1,"location":null,"numPassingAsserts":3,"retryReasons":[],"startAt":1776750095544,"status":"passed","title":"✓ Admin can update product"},{"ancestorTitles":["📦 Products & Categories","PUT /api/v1/products/:id"],"duration":169,"failing":false,"failureDetails":[],"failureMessages":[],"fullName":"📦 Products & Categories PUT /api/v1/products/:id ✗ User cannot update product","invocations":1,"location":null,"numPassingAsserts":1,"retryReasons":[],"startAt":1776750095734,"status":"passed","title":"✗ User cannot update product"},{"ancestorTitles":["📦 Products & Categories","GET /api/v1/categories"],"duration":158,"failing":false,"failureDetails":[],"failureMessages":[],"fullName":"📦 Products & Categories GET /api/v1/categories ✓ Should get all categories","invocations":1,"location":null,"numPassingAsserts":2,"retryReasons":[],"startAt":1776750095904,"status":"passed","title":"✓ Should get all categories"},{"ancestorTitles":["📦 Products & Categories","GET /api/v1/categories"],"duration":137,"failing":false,"failureDetails":[],"failureMessages":[],"fullName":"📦 Products & Categories GET /api/v1/categories ✓ Should get category with products","invocations":1,"location":null,"numPassingAsserts":2,"retryReasons":[],"startAt":1776750096062,"status":"passed","title":"✓ Should get category with products"}],"endTime":1776750096315,"message":"","name":"E:\\aqherbal_backend-dev\\aqherbal_backend-dev\\tests\\products.test.js","startTime":1776750088595,"status":"passed","summary":""},{"assertionResults":[{"ancestorTitles":["🔐 Authentication & Authorization","POST /api/v1/auth/register"],"duration":764,"failing":false,"failureDetails":[],"failureMessages":[],"fullName":"🔐 Authentication & Authorization POST /api/v1/auth/register ✓ Should register user with valid credentials","invocations":1,"location":null,"numPassingAsserts":5,"retryReasons":[],"startAt":1776750099073,"status":"passed","title":"✓ Should register user with valid credentials"},{"ancestorTitles":["🔐 Authentication & Authorization","POST /api/v1/auth/register"],"duration":166,"failing":false,"failureDetails":[],"failureMessages":[],"fullName":"🔐 Authentication & Authorization POST /api/v1/auth/register ✗ Should fail registration with existing email","invocations":1,"location":null,"numPassingAsserts":2,"retryReasons":[],"startAt":1776750099838,"status":"passed","title":"✗ Should fail registration with existing email"},{"ancestorTitles":["🔐 Authentication & Authorization","POST /api/v1/auth/register"],"duration":127,"failing":false,"failureDetails":[],"failureMessages":[],"fullName":"🔐 Authentication & Authorization POST /api/v1/auth/register ✗ Should fail registration with invalid email","invocations":1,"location":null,"numPassingAsserts":2,"retryReasons":[],"startAt":1776750100004,"status":"passed","title":"✗ Should fail registration with invalid email"},{"ancestorTitles":["🔐 Authentication & Authorization","POST /api/v1/auth/register"],"duration":124,"failing":false,"failureDetails":[],"failureMessages":[],"fullName":"🔐 Authentication & Authorization POST /api/v1/auth/register ✗ Should fail registration with weak password","invocations":1,"location":null,"numPassingAsserts":2,"retryReasons":[],"startAt":1776750100132,"status":"passed","title":"✗ Should fail registration with weak password"},{"ancestorTitles":["🔐 Authentication & Authorization","POST /api/v1/auth/register"],"duration":130,"failing":false,"failureDetails":[],"failureMessages":[],"fullName":"🔐 Authentication & Authorization POST /api/v1/auth/register ✗ Should fail registration with missing required fields","invocations":1,"location":null,"numPassingAsserts":2,"retryReasons":[],"startAt":1776750100256,"status":"passed","title":"✗ Should fail registration with missing required fields"},{"ancestorTitles":["🔐 Authentication & Authorization","POST /api/v1/auth/register"],"duration":125,"failing":false,"failureDetails":[],"failureMessages":[],"fullName":"🔐 Authentication & Authorization POST /api/v1/auth/register ✗ Should reject oversized payload","invocations":1,"location":null,"numPassingAsserts":1,"retryReasons":[],"startAt":1776750100387,"status":"passed","title":"✗ Should reject oversized payload"},{"ancestorTitles":["🔐 Authentication & Authorization","POST /api/v1/auth/login"],"duration":158,"failing":false,"failureDetails":[],"failureMessages":[],"fullName":"🔐 Authentication & Authorization POST /api/v1/auth/login ✓ Should login with valid credentials","invocations":1,"location":null,"numPassingAsserts":4,"retryReasons":[],"startAt":1776750100513,"status":"passed","title":"✓ Should login with valid credentials"},{"ancestorTitles":["🔐 Authentication & Authorization","POST /api/v1/auth/login"],"duration":166,"failing":false,"failureDetails":[],"failureMessages":[],"fullName":"🔐 Authentication & Authorization POST /api/v1/auth/login ✗ Should fail login with wrong password","invocations":1,"location":null,"numPassingAsserts":2,"retryReasons":[],"startAt":1776750100672,"status":"passed","title":"✗ Should fail login with wrong password"},{"ancestorTitles":["🔐 Authentication & Authorization","POST /api/v1/auth/login"],"duration":175,"failing":false,"failureDetails":[],"failureMessages":[],"fullName":"🔐 Authentication & Authorization POST /api/v1/auth/login ✗ Should fail login with non-existent email","invocations":1,"location":null,"numPassingAsserts":1,"retryReasons":[],"startAt":1776750100838,"status":"passed","title":"✗ Should fail login with non-existent email"},{"ancestorTitles":["🔐 Authentication & Authorization","POST /api/v1/auth/login"],"duration":135,"failing":false,"failureDetails":[],"failureMessages":[],"fullName":"🔐 Authentication & Authorization POST /api/v1/auth/login ✗ Should fail login with missing credentials","invocations":1,"location":null,"numPassingAsserts":1,"retryReasons":[],"startAt":1776750101013,"status":"passed","title":"✗ Should fail login with missing credentials"},{"ancestorTitles":["🔐 Authentication & Authorization","POST /api/v1/auth/login"],"duration":177,"failing":false,"failureDetails":[],"failureMessages":[],"fullName":"🔐 Authentication & Authorization POST /api/v1/auth/login ✗ Should fail login with unverified email","invocations":1,"location":null,"numPassingAsserts":1,"retryReasons":[],"startAt":1776750101149,"status":"passed","title":"✗ Should fail login with unverified email"},{"ancestorTitles":["🔐 Authentication & Authorization","POST /api/v1/auth/refresh-token"],"duration":160,"failing":false,"failureDetails":[],"failureMessages":[],"fullName":"🔐 Authentication & Authorization POST /api/v1/auth/refresh-token ✓ Should refresh token with valid refresh token","invocations":1,"location":null,"numPassingAsserts":3,"retryReasons":[],"startAt":1776750101326,"status":"passed","title":"✓ Should refresh token with valid refresh token"},{"ancestorTitles":["🔐 Authentication & Authorization","POST /api/v1/auth/refresh-token"],"duration":143,"failing":false,"failureDetails":[],"failureMessages":[],"fullName":"🔐 Authentication & Authorization POST /api/v1/auth/refresh-token ✗ Should fail with invalid refresh token","invocations":1,"location":null,"numPassingAsserts":1,"retryReasons":[],"startAt":1776750101487,"status":"passed","title":"✗ Should fail with invalid refresh token"},{"ancestorTitles":["🔐 Authentication & Authorization","POST /api/v1/auth/refresh-token"],"duration":155,"failing":false,"failureDetails":[],"failureMessages":[],"fullName":"🔐 Authentication & Authorization POST /api/v1/auth/refresh-token ✗ Should fail with expired refresh token","invocations":1,"location":null,"numPassingAsserts":1,"retryReasons":[],"startAt":1776750101630,"status":"passed","title":"✗ Should fail with expired refresh token"},{"ancestorTitles":["🔐 Authentication & Authorization","POST /api/v1/auth/verify-email"],"duration":183,"failing":false,"failureDetails":[],"failureMessages":[],"fullName":"🔐 Authentication & Authorization POST /api/v1/auth/verify-email ✓ Should verify email with valid token","invocations":1,"location":null,"numPassingAsserts":3,"retryReasons":[],"startAt":1776750101786,"status":"passed","title":"✓ Should verify email with valid token"},{"ancestorTitles":["🔐 Authentication & Authorization","POST /api/v1/auth/verify-email"],"duration":137,"failing":false,"failureDetails":[],"failureMessages":[],"fullName":"🔐 Authentication & Authorization POST /api/v1/auth/verify-email ✗ Should fail verification with invalid token","invocations":1,"location":null,"numPassingAsserts":1,"retryReasons":[],"startAt":1776750101969,"status":"passed","title":"✗ Should fail verification with invalid token"},{"ancestorTitles":["🔐 Authentication & Authorization","POST /api/v1/auth/forgot-password"],"duration":167,"failing":false,"failureDetails":[],"failureMessages":[],"fullName":"🔐 Authentication & Authorization POST /api/v1/auth/forgot-password ✓ Should send password reset email","invocations":1,"location":null,"numPassingAsserts":2,"retryReasons":[],"startAt":1776750102107,"status":"passed","title":"✓ Should send password reset email"},{"ancestorTitles":["🔐 Authentication & Authorization","POST /api/v1/auth/forgot-password"],"duration":122,"failing":false,"failureDetails":[],"failureMessages":[],"fullName":"🔐 Authentication & Authorization POST /api/v1/auth/forgot-password ✗ Should handle non-existent email gracefully","invocations":1,"location":null,"numPassingAsserts":1,"retryReasons":[],"startAt":1776750102274,"status":"passed","title":"✗ Should handle non-existent email gracefully"},{"ancestorTitles":["🔐 Authentication & Authorization","POST /api/v1/auth/reset-password"],"duration":304,"failing":false,"failureDetails":[],"failureMessages":[],"fullName":"🔐 Authentication & Authorization POST /api/v1/auth/reset-password ✓ Should reset password with valid token","invocations":1,"location":null,"numPassingAsserts":2,"retryReasons":[],"startAt":1776750102396,"status":"passed","title":"✓ Should reset password with valid token"},{"ancestorTitles":["🔐 Authentication & Authorization","POST /api/v1/auth/reset-password"],"duration":141,"failing":false,"failureDetails":[],"failureMessages":[],"fullName":"🔐 Authentication & Authorization POST /api/v1/auth/reset-password ✗ Should fail with expired token","invocations":1,"location":null,"numPassingAsserts":1,"retryReasons":[],"startAt":1776750102701,"status":"passed","title":"✗ Should fail with expired token"},{"ancestorTitles":["🔐 Authentication & Authorization","POST /api/v1/auth/reset-password"],"duration":109,"failing":false,"failureDetails":[],"failureMessages":[],"fullName":"🔐 Authentication & Authorization POST /api/v1/auth/reset-password ✗ Should fail with mismatched passwords","invocations":1,"location":null,"numPassingAsserts":2,"retryReasons":[],"startAt":1776750102842,"status":"passed","title":"✗ Should fail with mismatched passwords"},{"ancestorTitles":["🔐 Authentication & Authorization","Authorization & Permission Enforcement"],"duration":261,"failing":false,"failureDetails":[],"failureMessages":[],"fullName":"🔐 Authentication & Authorization Authorization & Permission Enforcement ✓ Admin can access admin endpoints","invocations":1,"location":null,"numPassingAsserts":1,"retryReasons":[],"startAt":1776750102951,"status":"passed","title":"✓ Admin can access admin endpoints"},{"ancestorTitles":["🔐 Authentication & Authorization","Authorization & Permission Enforcement"],"duration":192,"failing":false,"failureDetails":[],"failureMessages":[],"fullName":"🔐 Authentication & Authorization Authorization & Permission Enforcement ✗ Regular user cannot access admin endpoints","invocations":1,"location":null,"numPassingAsserts":1,"retryReasons":[],"startAt":1776750103213,"status":"passed","title":"✗ Regular user cannot access admin endpoints"},{"ancestorTitles":["🔐 Authentication & Authorization","Authorization & Permission Enforcement"],"duration":134,"failing":false,"failureDetails":[],"failureMessages":[],"fullName":"🔐 Authentication & Authorization Authorization & Permission Enforcement ✗ Unauthenticated user cannot access protected endpoints","invocations":1,"location":null,"numPassingAsserts":1,"retryReasons":[],"startAt":1776750103405,"status":"passed","title":"✗ Unauthenticated user cannot access protected endpoints"},{"ancestorTitles":["🔐 Authentication & Authorization","Authorization & Permission Enforcement"],"duration":160,"failing":false,"failureDetails":[],"failureMessages":[],"fullName":"🔐 Authentication & Authorization Authorization & Permission Enforcement ✗ Invalid token is rejected","invocations":1,"location":null,"numPassingAsserts":1,"retryReasons":[],"startAt":1776750103540,"status":"passed","title":"✗ Invalid token is rejected"},{"ancestorTitles":["🔐 Authentication & Authorization","Security & Injection Prevention"],"duration":124,"failing":false,"failureDetails":[],"failureMessages":[],"fullName":"🔐 Authentication & Authorization Security & Injection Prevention ✗ Should reject XSS attempts in email","invocations":1,"location":null,"numPassingAsserts":1,"retryReasons":[],"startAt":1776750103701,"status":"passed","title":"✗ Should reject XSS attempts in email"},{"ancestorTitles":["🔐 Authentication & Authorization","Security & Injection Prevention"],"duration":111,"failing":false,"failureDetails":[],"failureMessages":[],"fullName":"🔐 Authentication & Authorization Security & Injection Prevention ✗ Should reject SQL injection attempts","invocations":1,"location":null,"numPassingAsserts":1,"retryReasons":[],"startAt":1776750103826,"status":"passed","title":"✗ Should reject SQL injection attempts"},{"ancestorTitles":["🔐 Authentication & Authorization","Security & Injection Prevention"],"duration":134,"failing":false,"failureDetails":[],"failureMessages":[],"fullName":"🔐 Authentication & Authorization Security & Injection Prevention ✗ Should reject NoSQL injection attempts","invocations":1,"location":null,"numPassingAsserts":1,"retryReasons":[],"startAt":1776750103938,"status":"passed","title":"✗ Should reject NoSQL injection attempts"},{"ancestorTitles":["🔐 Authentication & Authorization","POST /api/v1/auth/logout"],"duration":137,"failing":false,"failureDetails":[],"failureMessages":[],"fullName":"🔐 Authentication & Authorization POST /api/v1/auth/logout ✓ Should logout user successfully","invocations":1,"location":null,"numPassingAsserts":2,"retryReasons":[],"startAt":1776750104073,"status":"passed","title":"✓ Should logout user successfully"},{"ancestorTitles":["🔐 Authentication & Authorization","POST /api/v1/auth/logout"],"duration":129,"failing":false,"failureDetails":[],"failureMessages":[],"fullName":"🔐 Authentication & Authorization POST /api/v1/auth/logout ✗ Should fail logout without authentication","invocations":1,"location":null,"numPassingAsserts":1,"retryReasons":[],"startAt":1776750104211,"status":"passed","title":"✗ Should fail logout without authentication"}],"endTime":1776750104457,"message":"","name":"E:\\aqherbal_backend-dev\\aqherbal_backend-dev\\tests\\auth.test.js","startTime":1776750096346,"status":"passed","summary":""},{"assertionResults":[{"ancestorTitles":["E-Commerce Integration Tests"],"duration":4,"failing":false,"failureDetails":[],"failureMessages":[],"fullName":"E-Commerce Integration Tests placeholder test - install supertest to run full integration tests","invocations":1,"location":null,"numPassingAsserts":1,"retryReasons":[],"startAt":1776750104684,"status":"passed","title":"placeholder test - install supertest to run full integration tests"}],"endTime":1776750104693,"message":"","name":"E:\\aqherbal_backend-dev\\aqherbal_backend-dev\\tests\\integration\\workflow.test.js","startTime":1776750104474,"status":"passed","summary":""}],"wasInterrupted":false}
